{"/Users/edwardlam-mendoza/WebstormProjects/handmade_backend/tests/artisanTests.js":{"path":"/Users/edwardlam-mendoza/WebstormProjects/handmade_backend/tests/artisanTests.js","statementMap":{"0":{"start":{"line":3,"column":12},"end":{"line":3,"column":27}},"1":{"start":{"line":5,"column":13},"end":{"line":5,"column":42}},"2":{"start":{"line":7,"column":16},"end":{"line":7,"column":36}},"3":{"start":{"line":9,"column":17},"end":{"line":9,"column":50}},"4":{"start":{"line":11,"column":11},"end":{"line":11,"column":28}},"5":{"start":{"line":13,"column":12},"end":{"line":13,"column":40}},"6":{"start":{"line":15,"column":13},"end":{"line":15,"column":29}},"7":{"start":{"line":17,"column":39},"end":{"line":17,"column":93}},"8":{"start":{"line":19,"column":0},"end":{"line":19,"column":39}},"9":{"start":{"line":20,"column":0},"end":{"line":20,"column":24}},"10":{"start":{"line":22,"column":0},"end":{"line":142,"column":3}},"11":{"start":{"line":24,"column":4},"end":{"line":40,"column":7}},"12":{"start":{"line":25,"column":8},"end":{"line":39,"column":11}},"13":{"start":{"line":26,"column":12},"end":{"line":38,"column":15}},"14":{"start":{"line":36,"column":16},"end":{"line":36,"column":44}},"15":{"start":{"line":37,"column":16},"end":{"line":37,"column":23}},"16":{"start":{"line":42,"column":4},"end":{"line":57,"column":7}},"17":{"start":{"line":43,"column":8},"end":{"line":56,"column":11}},"18":{"start":{"line":44,"column":12},"end":{"line":55,"column":15}},"19":{"start":{"line":45,"column":16},"end":{"line":45,"column":44}},"20":{"start":{"line":46,"column":16},"end":{"line":46,"column":55}},"21":{"start":{"line":47,"column":16},"end":{"line":47,"column":85}},"22":{"start":{"line":48,"column":16},"end":{"line":48,"column":70}},"23":{"start":{"line":49,"column":16},"end":{"line":49,"column":63}},"24":{"start":{"line":50,"column":16},"end":{"line":50,"column":63}},"25":{"start":{"line":51,"column":16},"end":{"line":51,"column":63}},"26":{"start":{"line":52,"column":16},"end":{"line":52,"column":67}},"27":{"start":{"line":53,"column":16},"end":{"line":53,"column":61}},"28":{"start":{"line":54,"column":16},"end":{"line":54,"column":23}},"29":{"start":{"line":59,"column":4},"end":{"line":86,"column":7}},"30":{"start":{"line":60,"column":8},"end":{"line":85,"column":11}},"31":{"start":{"line":61,"column":12},"end":{"line":84,"column":15}},"32":{"start":{"line":62,"column":25},"end":{"line":62,"column":44}},"33":{"start":{"line":63,"column":16},"end":{"line":63,"column":44}},"34":{"start":{"line":64,"column":16},"end":{"line":64,"column":55}},"35":{"start":{"line":65,"column":16},"end":{"line":65,"column":85}},"36":{"start":{"line":66,"column":16},"end":{"line":66,"column":70}},"37":{"start":{"line":67,"column":16},"end":{"line":67,"column":63}},"38":{"start":{"line":68,"column":16},"end":{"line":68,"column":63}},"39":{"start":{"line":69,"column":16},"end":{"line":69,"column":63}},"40":{"start":{"line":70,"column":16},"end":{"line":70,"column":67}},"41":{"start":{"line":71,"column":16},"end":{"line":71,"column":61}},"42":{"start":{"line":73,"column":16},"end":{"line":82,"column":19}},"43":{"start":{"line":74,"column":20},"end":{"line":74,"column":59}},"44":{"start":{"line":75,"column":20},"end":{"line":75,"column":89}},"45":{"start":{"line":76,"column":20},"end":{"line":76,"column":74}},"46":{"start":{"line":77,"column":20},"end":{"line":77,"column":67}},"47":{"start":{"line":78,"column":20},"end":{"line":78,"column":67}},"48":{"start":{"line":79,"column":20},"end":{"line":79,"column":67}},"49":{"start":{"line":80,"column":20},"end":{"line":80,"column":71}},"50":{"start":{"line":81,"column":20},"end":{"line":81,"column":65}},"51":{"start":{"line":83,"column":16},"end":{"line":83,"column":23}},"52":{"start":{"line":129,"column":4},"end":{"line":141,"column":7}},"53":{"start":{"line":130,"column":8},"end":{"line":140,"column":11}},"54":{"start":{"line":131,"column":12},"end":{"line":139,"column":15}},"55":{"start":{"line":132,"column":16},"end":{"line":132,"column":44}},"56":{"start":{"line":133,"column":25},"end":{"line":133,"column":44}},"57":{"start":{"line":135,"column":16},"end":{"line":137,"column":19}},"58":{"start":{"line":136,"column":20},"end":{"line":136,"column":48}},"59":{"start":{"line":138,"column":16},"end":{"line":138,"column":23}}},"fnMap":{"0":{"name":"_interopRequireDefault","decl":{"start":{"line":17,"column":9},"end":{"line":17,"column":31}},"loc":{"start":{"line":17,"column":37},"end":{"line":17,"column":95}},"line":17},"1":{"name":"(anonymous_1)","decl":{"start":{"line":22,"column":32},"end":{"line":22,"column":33}},"loc":{"start":{"line":22,"column":44},"end":{"line":142,"column":1}},"line":22},"2":{"name":"(anonymous_2)","decl":{"start":{"line":24,"column":42},"end":{"line":24,"column":43}},"loc":{"start":{"line":24,"column":54},"end":{"line":40,"column":5}},"line":24},"3":{"name":"(anonymous_3)","decl":{"start":{"line":25,"column":61},"end":{"line":25,"column":62}},"loc":{"start":{"line":25,"column":77},"end":{"line":39,"column":9}},"line":25},"4":{"name":"(anonymous_4)","decl":{"start":{"line":35,"column":19},"end":{"line":35,"column":20}},"loc":{"start":{"line":35,"column":39},"end":{"line":38,"column":13}},"line":35},"5":{"name":"(anonymous_5)","decl":{"start":{"line":42,"column":77},"end":{"line":42,"column":78}},"loc":{"start":{"line":42,"column":89},"end":{"line":57,"column":5}},"line":42},"6":{"name":"(anonymous_6)","decl":{"start":{"line":43,"column":36},"end":{"line":43,"column":37}},"loc":{"start":{"line":43,"column":52},"end":{"line":56,"column":9}},"line":43},"7":{"name":"(anonymous_7)","decl":{"start":{"line":44,"column":106},"end":{"line":44,"column":107}},"loc":{"start":{"line":44,"column":126},"end":{"line":55,"column":13}},"line":44},"8":{"name":"(anonymous_8)","decl":{"start":{"line":59,"column":52},"end":{"line":59,"column":53}},"loc":{"start":{"line":59,"column":64},"end":{"line":86,"column":5}},"line":59},"9":{"name":"(anonymous_9)","decl":{"start":{"line":60,"column":33},"end":{"line":60,"column":34}},"loc":{"start":{"line":60,"column":49},"end":{"line":85,"column":9}},"line":60},"10":{"name":"(anonymous_10)","decl":{"start":{"line":61,"column":106},"end":{"line":61,"column":107}},"loc":{"start":{"line":61,"column":126},"end":{"line":84,"column":13}},"line":61},"11":{"name":"(anonymous_11)","decl":{"start":{"line":73,"column":80},"end":{"line":73,"column":81}},"loc":{"start":{"line":73,"column":100},"end":{"line":82,"column":17}},"line":73},"12":{"name":"(anonymous_12)","decl":{"start":{"line":129,"column":80},"end":{"line":129,"column":81}},"loc":{"start":{"line":129,"column":92},"end":{"line":141,"column":5}},"line":129},"13":{"name":"(anonymous_13)","decl":{"start":{"line":130,"column":37},"end":{"line":130,"column":38}},"loc":{"start":{"line":130,"column":53},"end":{"line":140,"column":9}},"line":130},"14":{"name":"(anonymous_14)","decl":{"start":{"line":131,"column":106},"end":{"line":131,"column":107}},"loc":{"start":{"line":131,"column":126},"end":{"line":139,"column":13}},"line":131},"15":{"name":"(anonymous_15)","decl":{"start":{"line":135,"column":83},"end":{"line":135,"column":84}},"loc":{"start":{"line":135,"column":103},"end":{"line":137,"column":17}},"line":135}},"branchMap":{"0":{"loc":{"start":{"line":17,"column":46},"end":{"line":17,"column":92}},"type":"cond-expr","locations":[{"start":{"line":17,"column":70},"end":{"line":17,"column":73}},{"start":{"line":17,"column":76},"end":{"line":17,"column":92}}],"line":17},"1":{"loc":{"start":{"line":17,"column":46},"end":{"line":17,"column":67}},"type":"binary-expr","locations":[{"start":{"line":17,"column":46},"end":{"line":17,"column":49}},{"start":{"line":17,"column":53},"end":{"line":17,"column":67}}],"line":17}},"s":{"0":1,"1":1,"2":1,"3":1,"4":1,"5":1,"6":1,"7":3,"8":1,"9":1,"10":1,"11":1,"12":1,"13":1,"14":1,"15":1,"16":1,"17":1,"18":1,"19":1,"20":1,"21":1,"22":1,"23":1,"24":1,"25":1,"26":1,"27":1,"28":1,"29":1,"30":1,"31":1,"32":1,"33":1,"34":1,"35":1,"36":1,"37":1,"38":1,"39":1,"40":1,"41":1,"42":1,"43":1,"44":1,"45":1,"46":1,"47":1,"48":1,"49":1,"50":1,"51":1,"52":1,"53":1,"54":1,"55":1,"56":1,"57":1,"58":1,"59":1},"f":{"0":3,"1":1,"2":1,"3":1,"4":1,"5":1,"6":1,"7":1,"8":1,"9":1,"10":1,"11":1,"12":1,"13":1,"14":1,"15":1},"b":{"0":[1,2],"1":[3,3]},"_coverageSchema":"43e27e138ebf9cfc5966b082cf9a028302ed4184","hash":"d9027719c14ae7daf6a92095676d1a45865d23b5","contentHash":"0d9786edcd5975660205ffdf47f8432ab6467281194f7e58130fcd783972cda7"},"/Users/edwardlam-mendoza/WebstormProjects/handmade_backend/app.js":{"path":"/Users/edwardlam-mendoza/WebstormProjects/handmade_backend/app.js","statementMap":{"0":{"start":{"line":3,"column":0},"end":{"line":5,"column":3}},"1":{"start":{"line":7,"column":0},"end":{"line":7,"column":26}},"2":{"start":{"line":9,"column":15},"end":{"line":9,"column":33}},"3":{"start":{"line":11,"column":16},"end":{"line":11,"column":48}},"4":{"start":{"line":13,"column":18},"end":{"line":13,"column":40}},"5":{"start":{"line":15,"column":19},"end":{"line":15,"column":54}},"6":{"start":{"line":17,"column":13},"end":{"line":17,"column":38}},"7":{"start":{"line":19,"column":14},"end":{"line":19,"column":44}},"8":{"start":{"line":21,"column":10},"end":{"line":21,"column":32}},"9":{"start":{"line":23,"column":11},"end":{"line":23,"column":38}},"10":{"start":{"line":25,"column":11},"end":{"line":25,"column":34}},"11":{"start":{"line":27,"column":12},"end":{"line":27,"column":40}},"12":{"start":{"line":29,"column":15},"end":{"line":29,"column":42}},"13":{"start":{"line":31,"column":16},"end":{"line":31,"column":48}},"14":{"start":{"line":33,"column":11},"end":{"line":33,"column":34}},"15":{"start":{"line":35,"column":12},"end":{"line":35,"column":40}},"16":{"start":{"line":37,"column":14},"end":{"line":37,"column":40}},"17":{"start":{"line":39,"column":15},"end":{"line":39,"column":46}},"18":{"start":{"line":41,"column":39},"end":{"line":41,"column":93}},"19":{"start":{"line":43,"column":10},"end":{"line":43,"column":34}},"20":{"start":{"line":44,"column":11},"end":{"line":44,"column":35}},"21":{"start":{"line":46,"column":0},"end":{"line":46,"column":61}},"22":{"start":{"line":47,"column":0},"end":{"line":47,"column":37}},"23":{"start":{"line":49,"column":0},"end":{"line":49,"column":30}},"24":{"start":{"line":50,"column":0},"end":{"line":50,"column":29}},"25":{"start":{"line":51,"column":0},"end":{"line":51,"column":31}},"26":{"start":{"line":53,"column":0},"end":{"line":53,"column":39}},"27":{"start":{"line":54,"column":0},"end":{"line":54,"column":31}},"28":{"start":{"line":55,"column":0},"end":{"line":55,"column":37}},"29":{"start":{"line":57,"column":0},"end":{"line":59,"column":3}},"30":{"start":{"line":58,"column":2},"end":{"line":58,"column":62}},"31":{"start":{"line":61,"column":0},"end":{"line":61,"column":22}}},"fnMap":{"0":{"name":"_interopRequireDefault","decl":{"start":{"line":41,"column":9},"end":{"line":41,"column":31}},"loc":{"start":{"line":41,"column":37},"end":{"line":41,"column":95}},"line":41},"1":{"name":"(anonymous_1)","decl":{"start":{"line":57,"column":17},"end":{"line":57,"column":18}},"loc":{"start":{"line":57,"column":29},"end":{"line":59,"column":1}},"line":57}},"branchMap":{"0":{"loc":{"start":{"line":41,"column":46},"end":{"line":41,"column":92}},"type":"cond-expr","locations":[{"start":{"line":41,"column":70},"end":{"line":41,"column":73}},{"start":{"line":41,"column":76},"end":{"line":41,"column":92}}],"line":41},"1":{"loc":{"start":{"line":41,"column":46},"end":{"line":41,"column":67}},"type":"binary-expr","locations":[{"start":{"line":41,"column":46},"end":{"line":41,"column":49}},{"start":{"line":41,"column":53},"end":{"line":41,"column":67}}],"line":41},"2":{"loc":{"start":{"line":44,"column":11},"end":{"line":44,"column":35}},"type":"binary-expr","locations":[{"start":{"line":44,"column":11},"end":{"line":44,"column":27}},{"start":{"line":44,"column":31},"end":{"line":44,"column":35}}],"line":44}},"s":{"0":1,"1":1,"2":1,"3":1,"4":1,"5":1,"6":1,"7":1,"8":1,"9":1,"10":1,"11":1,"12":1,"13":1,"14":1,"15":1,"16":1,"17":1,"18":8,"19":1,"20":1,"21":1,"22":1,"23":1,"24":1,"25":1,"26":1,"27":1,"28":1,"29":1,"30":1,"31":1},"f":{"0":8,"1":1},"b":{"0":[6,2],"1":[8,8],"2":[1,1]},"_coverageSchema":"43e27e138ebf9cfc5966b082cf9a028302ed4184","hash":"f331b02c7a24c63586f6f0d04958bf9dbc18b3b7","contentHash":"a3ac7a556ec1076f1478dd6147e00af123d90bc18eebaf1518c35ad3899d2668"},"/Users/edwardlam-mendoza/WebstormProjects/handmade_backend/routes/index.js":{"path":"/Users/edwardlam-mendoza/WebstormProjects/handmade_backend/routes/index.js","statementMap":{"0":{"start":{"line":3,"column":0},"end":{"line":5,"column":3}},"1":{"start":{"line":7,"column":15},"end":{"line":7,"column":33}},"2":{"start":{"line":9,"column":18},"end":{"line":9,"column":40}},"3":{"start":{"line":10,"column":0},"end":{"line":12,"column":3}},"4":{"start":{"line":11,"column":2},"end":{"line":11,"column":61}},"5":{"start":{"line":14,"column":0},"end":{"line":14,"column":30}}},"fnMap":{"0":{"name":"(anonymous_0)","decl":{"start":{"line":10,"column":21},"end":{"line":10,"column":22}},"loc":{"start":{"line":10,"column":41},"end":{"line":12,"column":1}},"line":10}},"branchMap":{},"s":{"0":1,"1":1,"2":1,"3":1,"4":1,"5":1},"f":{"0":1},"b":{},"_coverageSchema":"43e27e138ebf9cfc5966b082cf9a028302ed4184","hash":"1ed0364c36485815af9a6ba924d134877f6681dd","contentHash":"81f7666c48bc39517460eae8d56c8a866f455cc2e6479965fa4d7a7494a55c86"},"/Users/edwardlam-mendoza/WebstormProjects/handmade_backend/routes/db.js":{"path":"/Users/edwardlam-mendoza/WebstormProjects/handmade_backend/routes/db.js","statementMap":{"0":{"start":{"line":3,"column":0},"end":{"line":5,"column":3}},"1":{"start":{"line":7,"column":15},"end":{"line":7,"column":33}},"2":{"start":{"line":9,"column":20},"end":{"line":9,"column":58}},"3":{"start":{"line":11,"column":21},"end":{"line":11,"column":58}},"4":{"start":{"line":13,"column":39},"end":{"line":13,"column":93}},"5":{"start":{"line":15,"column":15},"end":{"line":15,"column":37}},"6":{"start":{"line":16,"column":0},"end":{"line":16,"column":59}},"7":{"start":{"line":18,"column":0},"end":{"line":18,"column":27}}},"fnMap":{"0":{"name":"_interopRequireDefault","decl":{"start":{"line":13,"column":9},"end":{"line":13,"column":31}},"loc":{"start":{"line":13,"column":37},"end":{"line":13,"column":95}},"line":13}},"branchMap":{"0":{"loc":{"start":{"line":13,"column":46},"end":{"line":13,"column":92}},"type":"cond-expr","locations":[{"start":{"line":13,"column":70},"end":{"line":13,"column":73}},{"start":{"line":13,"column":76},"end":{"line":13,"column":92}}],"line":13},"1":{"loc":{"start":{"line":13,"column":46},"end":{"line":13,"column":67}},"type":"binary-expr","locations":[{"start":{"line":13,"column":46},"end":{"line":13,"column":49}},{"start":{"line":13,"column":53},"end":{"line":13,"column":67}}],"line":13}},"s":{"0":1,"1":1,"2":1,"3":1,"4":1,"5":1,"6":1,"7":1},"f":{"0":1},"b":{"0":[0,1],"1":[1,1]},"_coverageSchema":"43e27e138ebf9cfc5966b082cf9a028302ed4184","hash":"f470f71b3b39498e42cee0b9e17a9fd75ace04b8","contentHash":"c7f935980e7fe08a5dcec4624b3ec4152915176dca147bbdb248bc128b2e4b83"},"/Users/edwardlam-mendoza/WebstormProjects/handmade_backend/controllers/DBController.js":{"path":"/Users/edwardlam-mendoza/WebstormProjects/handmade_backend/controllers/DBController.js","statementMap":{"0":{"start":{"line":3,"column":16},"end":{"line":3,"column":37}},"1":{"start":{"line":5,"column":17},"end":{"line":5,"column":50}},"2":{"start":{"line":7,"column":39},"end":{"line":7,"column":93}},"3":{"start":{"line":9,"column":0},"end":{"line":9,"column":29}},"4":{"start":{"line":12,"column":4},"end":{"line":43,"column":7}},"5":{"start":{"line":13,"column":8},"end":{"line":13,"column":27}},"6":{"start":{"line":13,"column":17},"end":{"line":13,"column":27}},"7":{"start":{"line":15,"column":19},"end":{"line":15,"column":21}},"8":{"start":{"line":16,"column":40},"end":{"line":16,"column":44}},"9":{"start":{"line":17,"column":32},"end":{"line":17,"column":37}},"10":{"start":{"line":18,"column":29},"end":{"line":18,"column":38}},"11":{"start":{"line":20,"column":8},"end":{"line":39,"column":9}},"12":{"start":{"line":21,"column":12},"end":{"line":25,"column":13}},"13":{"start":{"line":21,"column":33},"end":{"line":21,"column":62}},"14":{"start":{"line":22,"column":26},"end":{"line":22,"column":37}},"15":{"start":{"line":24,"column":16},"end":{"line":24,"column":31}},"16":{"start":{"line":27,"column":12},"end":{"line":27,"column":37}},"17":{"start":{"line":28,"column":12},"end":{"line":28,"column":33}},"18":{"start":{"line":30,"column":12},"end":{"line":38,"column":13}},"19":{"start":{"line":31,"column":16},"end":{"line":33,"column":17}},"20":{"start":{"line":32,"column":20},"end":{"line":32,"column":39}},"21":{"start":{"line":35,"column":16},"end":{"line":37,"column":17}},"22":{"start":{"line":36,"column":20},"end":{"line":36,"column":41}},"23":{"start":{"line":41,"column":8},"end":{"line":41,"column":45}},"24":{"start":{"line":42,"column":8},"end":{"line":42,"column":33}},"25":{"start":{"line":46,"column":0},"end":{"line":48,"column":2}}},"fnMap":{"0":{"name":"_interopRequireDefault","decl":{"start":{"line":7,"column":9},"end":{"line":7,"column":31}},"loc":{"start":{"line":7,"column":37},"end":{"line":7,"column":95}},"line":7},"1":{"name":"testQuery","decl":{"start":{"line":11,"column":9},"end":{"line":11,"column":18}},"loc":{"start":{"line":11,"column":29},"end":{"line":44,"column":1}},"line":11},"2":{"name":"(anonymous_2)","decl":{"start":{"line":12,"column":96},"end":{"line":12,"column":97}},"loc":{"start":{"line":12,"column":118},"end":{"line":43,"column":5}},"line":12}},"branchMap":{"0":{"loc":{"start":{"line":7,"column":46},"end":{"line":7,"column":92}},"type":"cond-expr","locations":[{"start":{"line":7,"column":70},"end":{"line":7,"column":73}},{"start":{"line":7,"column":76},"end":{"line":7,"column":92}}],"line":7},"1":{"loc":{"start":{"line":7,"column":46},"end":{"line":7,"column":67}},"type":"binary-expr","locations":[{"start":{"line":7,"column":46},"end":{"line":7,"column":49}},{"start":{"line":7,"column":53},"end":{"line":7,"column":67}}],"line":7},"2":{"loc":{"start":{"line":13,"column":8},"end":{"line":13,"column":27}},"type":"if","locations":[{"start":{"line":13,"column":8},"end":{"line":13,"column":27}},{"start":{"line":13,"column":8},"end":{"line":13,"column":27}}],"line":13},"3":{"loc":{"start":{"line":31,"column":16},"end":{"line":33,"column":17}},"type":"if","locations":[{"start":{"line":31,"column":16},"end":{"line":33,"column":17}},{"start":{"line":31,"column":16},"end":{"line":33,"column":17}}],"line":31},"4":{"loc":{"start":{"line":31,"column":20},"end":{"line":31,"column":66}},"type":"binary-expr","locations":[{"start":{"line":31,"column":20},"end":{"line":31,"column":46}},{"start":{"line":31,"column":50},"end":{"line":31,"column":66}}],"line":31},"5":{"loc":{"start":{"line":35,"column":16},"end":{"line":37,"column":17}},"type":"if","locations":[{"start":{"line":35,"column":16},"end":{"line":37,"column":17}},{"start":{"line":35,"column":16},"end":{"line":37,"column":17}}],"line":35}},"s":{"0":1,"1":1,"2":1,"3":1,"4":0,"5":0,"6":0,"7":0,"8":0,"9":0,"10":0,"11":0,"12":0,"13":0,"14":0,"15":0,"16":0,"17":0,"18":0,"19":0,"20":0,"21":0,"22":0,"23":0,"24":0,"25":1},"f":{"0":1,"1":0,"2":0},"b":{"0":[1,0],"1":[1,1],"2":[0,0],"3":[0,0],"4":[0,0],"5":[0,0]},"_coverageSchema":"43e27e138ebf9cfc5966b082cf9a028302ed4184","hash":"99b180057dedee0e184b971f099d7143182a8dfb","contentHash":"f8c41cebcf6c11750ef43bb303b69682774e09f962f1b60d97681b04b3c7aab9"},"/Users/edwardlam-mendoza/WebstormProjects/handmade_backend/controllers/DBClient.js":{"path":"/Users/edwardlam-mendoza/WebstormProjects/handmade_backend/controllers/DBClient.js","statementMap":{"0":{"start":{"line":3,"column":0},"end":{"line":5,"column":3}},"1":{"start":{"line":7,"column":10},"end":{"line":7,"column":23}},"2":{"start":{"line":9,"column":0},"end":{"line":9,"column":25}},"3":{"start":{"line":11,"column":13},"end":{"line":14,"column":2}},"4":{"start":{"line":16,"column":0},"end":{"line":16,"column":25}}},"fnMap":{},"branchMap":{},"s":{"0":1,"1":1,"2":1,"3":1,"4":1},"f":{},"b":{},"_coverageSchema":"43e27e138ebf9cfc5966b082cf9a028302ed4184","hash":"5464027875230f83a981ec791d946c15f7edfd54","contentHash":"92ec9ca9fb74def08b5994dd6007202088c5b87a3f30a66809d4992b74e768c5"},"/Users/edwardlam-mendoza/WebstormProjects/handmade_backend/routes/mws.js":{"path":"/Users/edwardlam-mendoza/WebstormProjects/handmade_backend/routes/mws.js","statementMap":{"0":{"start":{"line":3,"column":0},"end":{"line":5,"column":3}},"1":{"start":{"line":7,"column":15},"end":{"line":7,"column":33}},"2":{"start":{"line":9,"column":21},"end":{"line":9,"column":60}},"3":{"start":{"line":11,"column":22},"end":{"line":11,"column":60}},"4":{"start":{"line":13,"column":39},"end":{"line":13,"column":93}},"5":{"start":{"line":15,"column":16},"end":{"line":15,"column":38}},"6":{"start":{"line":16,"column":0},"end":{"line":16,"column":76}},"7":{"start":{"line":17,"column":0},"end":{"line":17,"column":74}},"8":{"start":{"line":19,"column":0},"end":{"line":19,"column":28}}},"fnMap":{"0":{"name":"_interopRequireDefault","decl":{"start":{"line":13,"column":9},"end":{"line":13,"column":31}},"loc":{"start":{"line":13,"column":37},"end":{"line":13,"column":95}},"line":13}},"branchMap":{"0":{"loc":{"start":{"line":13,"column":46},"end":{"line":13,"column":92}},"type":"cond-expr","locations":[{"start":{"line":13,"column":70},"end":{"line":13,"column":73}},{"start":{"line":13,"column":76},"end":{"line":13,"column":92}}],"line":13},"1":{"loc":{"start":{"line":13,"column":46},"end":{"line":13,"column":67}},"type":"binary-expr","locations":[{"start":{"line":13,"column":46},"end":{"line":13,"column":49}},{"start":{"line":13,"column":53},"end":{"line":13,"column":67}}],"line":13}},"s":{"0":1,"1":1,"2":1,"3":1,"4":1,"5":1,"6":1,"7":1,"8":1},"f":{"0":1},"b":{"0":[0,1],"1":[1,1]},"_coverageSchema":"43e27e138ebf9cfc5966b082cf9a028302ed4184","hash":"7a6741dcac617ca4b8b5677ddd55da8eadcfe02f","contentHash":"063e95753b52437d16409056533bce89418b3c6222f7d3792a8309bc24cacba7"},"/Users/edwardlam-mendoza/WebstormProjects/handmade_backend/controllers/MWSController.js":{"path":"/Users/edwardlam-mendoza/WebstormProjects/handmade_backend/controllers/MWSController.js","statementMap":{"0":{"start":{"line":3,"column":24},"end":{"line":29,"column":3}},"1":{"start":{"line":4,"column":15},"end":{"line":24,"column":7}},"2":{"start":{"line":6,"column":8},"end":{"line":23,"column":26}},"3":{"start":{"line":7,"column":12},"end":{"line":22,"column":13}},"4":{"start":{"line":8,"column":16},"end":{"line":21,"column":17}},"5":{"start":{"line":10,"column":24},"end":{"line":10,"column":74}},"6":{"start":{"line":11,"column":24},"end":{"line":11,"column":88}},"7":{"start":{"line":12,"column":24},"end":{"line":12,"column":105}},"8":{"start":{"line":14,"column":24},"end":{"line":16,"column":27}},"9":{"start":{"line":20,"column":24},"end":{"line":20,"column":47}},"10":{"start":{"line":26,"column":4},"end":{"line":28,"column":6}},"11":{"start":{"line":27,"column":8},"end":{"line":27,"column":43}},"12":{"start":{"line":31,"column":21},"end":{"line":88,"column":3}},"13":{"start":{"line":32,"column":16},"end":{"line":83,"column":7}},"14":{"start":{"line":34,"column":8},"end":{"line":82,"column":38}},"15":{"start":{"line":35,"column":12},"end":{"line":81,"column":13}},"16":{"start":{"line":36,"column":16},"end":{"line":80,"column":17}},"17":{"start":{"line":38,"column":24},"end":{"line":40,"column":26}},"18":{"start":{"line":41,"column":24},"end":{"line":41,"column":74}},"19":{"start":{"line":44,"column":24},"end":{"line":44,"column":70}},"20":{"start":{"line":45,"column":24},"end":{"line":49,"column":27}},"21":{"start":{"line":51,"column":24},"end":{"line":51,"column":96}},"22":{"start":{"line":54,"column":24},"end":{"line":54,"column":60}},"23":{"start":{"line":56,"column":24},"end":{"line":58,"column":37}},"24":{"start":{"line":57,"column":28},"end":{"line":57,"column":63}},"25":{"start":{"line":59,"column":24},"end":{"line":59,"column":43}},"26":{"start":{"line":60,"column":24},"end":{"line":60,"column":44}},"27":{"start":{"line":61,"column":24},"end":{"line":61,"column":113}},"28":{"start":{"line":64,"column":24},"end":{"line":64,"column":50}},"29":{"start":{"line":66,"column":24},"end":{"line":66,"column":43}},"30":{"start":{"line":67,"column":24},"end":{"line":67,"column":44}},"31":{"start":{"line":68,"column":24},"end":{"line":68,"column":30}},"32":{"start":{"line":71,"column":24},"end":{"line":71,"column":44}},"33":{"start":{"line":72,"column":24},"end":{"line":72,"column":61}},"34":{"start":{"line":74,"column":24},"end":{"line":74,"column":52}},"35":{"start":{"line":75,"column":24},"end":{"line":75,"column":98}},"36":{"start":{"line":79,"column":24},"end":{"line":79,"column":48}},"37":{"start":{"line":85,"column":4},"end":{"line":87,"column":6}},"38":{"start":{"line":86,"column":8},"end":{"line":86,"column":44}},"39":{"start":{"line":90,"column":13},"end":{"line":90,"column":29}},"40":{"start":{"line":92,"column":14},"end":{"line":92,"column":44}},"41":{"start":{"line":94,"column":14},"end":{"line":94,"column":31}},"42":{"start":{"line":96,"column":15},"end":{"line":96,"column":46}},"43":{"start":{"line":98,"column":39},"end":{"line":98,"column":93}},"44":{"start":{"line":100,"column":33},"end":{"line":100,"column":456}},"45":{"start":{"line":100,"column":64},"end":{"line":100,"column":89}},"46":{"start":{"line":100,"column":91},"end":{"line":100,"column":453}},"47":{"start":{"line":100,"column":165},"end":{"line":100,"column":263}},"48":{"start":{"line":100,"column":182},"end":{"line":100,"column":195}},"49":{"start":{"line":100,"column":209},"end":{"line":100,"column":219}},"50":{"start":{"line":100,"column":239},"end":{"line":100,"column":253}},"51":{"start":{"line":100,"column":254},"end":{"line":100,"column":261}},"52":{"start":{"line":100,"column":264},"end":{"line":100,"column":426}},"53":{"start":{"line":100,"column":281},"end":{"line":100,"column":296}},"54":{"start":{"line":100,"column":306},"end":{"line":100,"column":424}},"55":{"start":{"line":100,"column":360},"end":{"line":100,"column":380}},"56":{"start":{"line":100,"column":401},"end":{"line":100,"column":420}},"57":{"start":{"line":100,"column":429},"end":{"line":100,"column":449}},"58":{"start":{"line":102,"column":18},"end":{"line":102,"column":29}},"59":{"start":{"line":104,"column":11},"end":{"line":104,"column":35}},"60":{"start":{"line":105,"column":13},"end":{"line":107,"column":1}},"61":{"start":{"line":108,"column":25},"end":{"line":114,"column":1}},"62":{"start":{"line":117,"column":20},"end":{"line":119,"column":6}},"63":{"start":{"line":118,"column":8},"end":{"line":118,"column":37}},"64":{"start":{"line":120,"column":21},"end":{"line":120,"column":40}},"65":{"start":{"line":121,"column":22},"end":{"line":121,"column":89}},"66":{"start":{"line":122,"column":21},"end":{"line":122,"column":71}},"67":{"start":{"line":123,"column":21},"end":{"line":123,"column":43}},"68":{"start":{"line":124,"column":21},"end":{"line":124,"column":68}},"69":{"start":{"line":125,"column":4},"end":{"line":125,"column":22}},"70":{"start":{"line":129,"column":15},"end":{"line":129,"column":63}},"71":{"start":{"line":130,"column":21},"end":{"line":130,"column":65}},"72":{"start":{"line":131,"column":21},"end":{"line":131,"column":43}},"73":{"start":{"line":132,"column":21},"end":{"line":132,"column":68}},"74":{"start":{"line":133,"column":4},"end":{"line":133,"column":22}},"75":{"start":{"line":136,"column":0},"end":{"line":139,"column":2}}},"fnMap":{"0":{"name":"(anonymous_0)","decl":{"start":{"line":3,"column":24},"end":{"line":3,"column":25}},"loc":{"start":{"line":3,"column":36},"end":{"line":29,"column":1}},"line":3},"1":{"name":"_callee","decl":{"start":{"line":4,"column":80},"end":{"line":4,"column":87}},"loc":{"start":{"line":4,"column":98},"end":{"line":24,"column":5}},"line":4},"2":{"name":"_callee$","decl":{"start":{"line":6,"column":48},"end":{"line":6,"column":56}},"loc":{"start":{"line":6,"column":67},"end":{"line":23,"column":9}},"line":6},"3":{"name":"hmacEncodeRequest","decl":{"start":{"line":26,"column":20},"end":{"line":26,"column":37}},"loc":{"start":{"line":26,"column":47},"end":{"line":28,"column":5}},"line":26},"4":{"name":"(anonymous_4)","decl":{"start":{"line":31,"column":21},"end":{"line":31,"column":22}},"loc":{"start":{"line":31,"column":33},"end":{"line":88,"column":1}},"line":31},"5":{"name":"_callee2","decl":{"start":{"line":32,"column":81},"end":{"line":32,"column":89}},"loc":{"start":{"line":32,"column":100},"end":{"line":83,"column":5}},"line":32},"6":{"name":"_callee2$","decl":{"start":{"line":34,"column":48},"end":{"line":34,"column":57}},"loc":{"start":{"line":34,"column":69},"end":{"line":82,"column":9}},"line":34},"7":{"name":"(anonymous_7)","decl":{"start":{"line":56,"column":77},"end":{"line":56,"column":78}},"loc":{"start":{"line":56,"column":92},"end":{"line":58,"column":25}},"line":56},"8":{"name":"listMWSReports","decl":{"start":{"line":85,"column":20},"end":{"line":85,"column":34}},"loc":{"start":{"line":85,"column":45},"end":{"line":87,"column":5}},"line":85},"9":{"name":"_interopRequireDefault","decl":{"start":{"line":98,"column":9},"end":{"line":98,"column":31}},"loc":{"start":{"line":98,"column":37},"end":{"line":98,"column":95}},"line":98},"10":{"name":"_asyncToGenerator","decl":{"start":{"line":100,"column":9},"end":{"line":100,"column":26}},"loc":{"start":{"line":100,"column":31},"end":{"line":100,"column":458}},"line":100},"11":{"name":"(anonymous_11)","decl":{"start":{"line":100,"column":40},"end":{"line":100,"column":41}},"loc":{"start":{"line":100,"column":52},"end":{"line":100,"column":455}},"line":100},"12":{"name":"(anonymous_12)","decl":{"start":{"line":100,"column":110},"end":{"line":100,"column":111}},"loc":{"start":{"line":100,"column":137},"end":{"line":100,"column":451}},"line":100},"13":{"name":"step","decl":{"start":{"line":100,"column":148},"end":{"line":100,"column":152}},"loc":{"start":{"line":100,"column":163},"end":{"line":100,"column":428}},"line":100},"14":{"name":"(anonymous_14)","decl":{"start":{"line":100,"column":341},"end":{"line":100,"column":342}},"loc":{"start":{"line":100,"column":358},"end":{"line":100,"column":382}},"line":100},"15":{"name":"(anonymous_15)","decl":{"start":{"line":100,"column":384},"end":{"line":100,"column":385}},"loc":{"start":{"line":100,"column":399},"end":{"line":100,"column":422}},"line":100},"16":{"name":"generateSignature","decl":{"start":{"line":116,"column":9},"end":{"line":116,"column":26}},"loc":{"start":{"line":116,"column":59},"end":{"line":126,"column":1}},"line":116},"17":{"name":"(anonymous_17)","decl":{"start":{"line":117,"column":42},"end":{"line":117,"column":43}},"loc":{"start":{"line":117,"column":57},"end":{"line":119,"column":5}},"line":117},"18":{"name":"hmacEncode","decl":{"start":{"line":128,"column":9},"end":{"line":128,"column":19}},"loc":{"start":{"line":128,"column":47},"end":{"line":134,"column":1}},"line":128}},"branchMap":{"0":{"loc":{"start":{"line":8,"column":16},"end":{"line":21,"column":17}},"type":"switch","locations":[{"start":{"line":9,"column":20},"end":{"line":16,"column":27}},{"start":{"line":18,"column":20},"end":{"line":18,"column":27}},{"start":{"line":19,"column":20},"end":{"line":20,"column":47}}],"line":8},"1":{"loc":{"start":{"line":10,"column":37},"end":{"line":10,"column":73}},"type":"cond-expr","locations":[{"start":{"line":10,"column":48},"end":{"line":10,"column":68}},{"start":{"line":10,"column":71},"end":{"line":10,"column":73}}],"line":10},"2":{"loc":{"start":{"line":11,"column":35},"end":{"line":11,"column":87}},"type":"cond-expr","locations":[{"start":{"line":11,"column":60},"end":{"line":11,"column":82}},{"start":{"line":11,"column":85},"end":{"line":11,"column":87}}],"line":11},"3":{"loc":{"start":{"line":12,"column":33},"end":{"line":12,"column":104}},"type":"cond-expr","locations":[{"start":{"line":12,"column":56},"end":{"line":12,"column":76}},{"start":{"line":12,"column":79},"end":{"line":12,"column":104}}],"line":12},"4":{"loc":{"start":{"line":36,"column":16},"end":{"line":80,"column":17}},"type":"switch","locations":[{"start":{"line":37,"column":20},"end":{"line":61,"column":113}},{"start":{"line":63,"column":20},"end":{"line":68,"column":30}},{"start":{"line":70,"column":20},"end":{"line":75,"column":98}},{"start":{"line":77,"column":20},"end":{"line":77,"column":28}},{"start":{"line":78,"column":20},"end":{"line":79,"column":48}}],"line":36},"5":{"loc":{"start":{"line":41,"column":37},"end":{"line":41,"column":73}},"type":"cond-expr","locations":[{"start":{"line":41,"column":48},"end":{"line":41,"column":68}},{"start":{"line":41,"column":71},"end":{"line":41,"column":73}}],"line":41},"6":{"loc":{"start":{"line":98,"column":46},"end":{"line":98,"column":92}},"type":"cond-expr","locations":[{"start":{"line":98,"column":70},"end":{"line":98,"column":73}},{"start":{"line":98,"column":76},"end":{"line":98,"column":92}}],"line":98},"7":{"loc":{"start":{"line":98,"column":46},"end":{"line":98,"column":67}},"type":"binary-expr","locations":[{"start":{"line":98,"column":46},"end":{"line":98,"column":49}},{"start":{"line":98,"column":53},"end":{"line":98,"column":67}}],"line":98},"8":{"loc":{"start":{"line":100,"column":264},"end":{"line":100,"column":426}},"type":"if","locations":[{"start":{"line":100,"column":264},"end":{"line":100,"column":426}},{"start":{"line":100,"column":264},"end":{"line":100,"column":426}}],"line":100}},"s":{"0":1,"1":1,"2":0,"3":0,"4":0,"5":0,"6":0,"7":0,"8":0,"9":0,"10":1,"11":0,"12":1,"13":1,"14":0,"15":0,"16":0,"17":0,"18":0,"19":0,"20":0,"21":0,"22":0,"23":0,"24":0,"25":0,"26":0,"27":0,"28":0,"29":0,"30":0,"31":0,"32":0,"33":0,"34":0,"35":0,"36":0,"37":1,"38":0,"39":1,"40":1,"41":1,"42":1,"43":2,"44":2,"45":0,"46":0,"47":0,"48":0,"49":0,"50":0,"51":0,"52":0,"53":0,"54":0,"55":0,"56":0,"57":0,"58":1,"59":1,"60":1,"61":1,"62":0,"63":0,"64":0,"65":0,"66":0,"67":0,"68":0,"69":0,"70":0,"71":0,"72":0,"73":0,"74":0,"75":1},"f":{"0":1,"1":0,"2":0,"3":0,"4":1,"5":0,"6":0,"7":0,"8":0,"9":2,"10":2,"11":0,"12":0,"13":0,"14":0,"15":0,"16":0,"17":0,"18":0},"b":{"0":[0,0,0],"1":[0,0],"2":[0,0],"3":[0,0],"4":[0,0,0,0,0],"5":[0,0],"6":[0,2],"7":[2,2],"8":[0,0]},"_coverageSchema":"43e27e138ebf9cfc5966b082cf9a028302ed4184","hash":"b747e61eba57cb033212d4aa503b1078585b9e5d","contentHash":"bcdfc0c86d5aae5f56261e6fc339593f187f14988474780d04cd3ace406c74c7"},"/Users/edwardlam-mendoza/WebstormProjects/handmade_backend/routes/artisan.js":{"path":"/Users/edwardlam-mendoza/WebstormProjects/handmade_backend/routes/artisan.js","statementMap":{"0":{"start":{"line":3,"column":0},"end":{"line":5,"column":3}},"1":{"start":{"line":7,"column":15},"end":{"line":7,"column":33}},"2":{"start":{"line":9,"column":25},"end":{"line":9,"column":68}},"3":{"start":{"line":11,"column":21},"end":{"line":11,"column":60}},"4":{"start":{"line":13,"column":20},"end":{"line":13,"column":42}},"5":{"start":{"line":15,"column":0},"end":{"line":15,"column":64}},"6":{"start":{"line":16,"column":0},"end":{"line":16,"column":107}},"7":{"start":{"line":18,"column":0},"end":{"line":18,"column":64}},"8":{"start":{"line":19,"column":0},"end":{"line":19,"column":70}},"9":{"start":{"line":21,"column":0},"end":{"line":21,"column":64}},"10":{"start":{"line":22,"column":0},"end":{"line":22,"column":55}},"11":{"start":{"line":24,"column":0},"end":{"line":24,"column":32}}},"fnMap":{},"branchMap":{},"s":{"0":1,"1":1,"2":1,"3":1,"4":1,"5":1,"6":1,"7":1,"8":1,"9":1,"10":1,"11":1},"f":{},"b":{},"_coverageSchema":"43e27e138ebf9cfc5966b082cf9a028302ed4184","hash":"8127cb1c9825697dd6cdc5fecf94672952cdc5cb","contentHash":"2b4ec205d2adebb655f79e694decfe1fda8e2fd0033bea73b2088c7916e10578"},"/Users/edwardlam-mendoza/WebstormProjects/handmade_backend/controllers/ArtisanController.js":{"path":"/Users/edwardlam-mendoza/WebstormProjects/handmade_backend/controllers/ArtisanController.js","statementMap":{"0":{"start":{"line":3,"column":0},"end":{"line":5,"column":3}},"1":{"start":{"line":6,"column":0},"end":{"line":6,"column":162}},"2":{"start":{"line":8,"column":17},"end":{"line":36,"column":3}},"3":{"start":{"line":9,"column":15},"end":{"line":31,"column":7}},"4":{"start":{"line":11,"column":8},"end":{"line":30,"column":26}},"5":{"start":{"line":12,"column":12},"end":{"line":29,"column":13}},"6":{"start":{"line":13,"column":16},"end":{"line":28,"column":17}},"7":{"start":{"line":15,"column":24},"end":{"line":15,"column":42}},"8":{"start":{"line":16,"column":24},"end":{"line":16,"column":115}},"9":{"start":{"line":19,"column":24},"end":{"line":19,"column":49}},"10":{"start":{"line":21,"column":24},"end":{"line":23,"column":27}},"11":{"start":{"line":27,"column":24},"end":{"line":27,"column":47}},"12":{"start":{"line":33,"column":4},"end":{"line":35,"column":6}},"13":{"start":{"line":34,"column":8},"end":{"line":34,"column":43}},"14":{"start":{"line":38,"column":17},"end":{"line":78,"column":3}},"15":{"start":{"line":39,"column":16},"end":{"line":73,"column":7}},"16":{"start":{"line":42,"column":8},"end":{"line":72,"column":37}},"17":{"start":{"line":43,"column":12},"end":{"line":71,"column":13}},"18":{"start":{"line":44,"column":16},"end":{"line":70,"column":17}},"19":{"start":{"line":46,"column":24},"end":{"line":46,"column":43}},"20":{"start":{"line":47,"column":24},"end":{"line":47,"column":273}},"21":{"start":{"line":48,"column":24},"end":{"line":48,"column":43}},"22":{"start":{"line":49,"column":24},"end":{"line":49,"column":316}},"23":{"start":{"line":52,"column":24},"end":{"line":52,"column":50}},"24":{"start":{"line":54,"column":24},"end":{"line":56,"column":27}},"25":{"start":{"line":57,"column":24},"end":{"line":57,"column":44}},"26":{"start":{"line":58,"column":24},"end":{"line":58,"column":30}},"27":{"start":{"line":61,"column":24},"end":{"line":61,"column":43}},"28":{"start":{"line":62,"column":24},"end":{"line":62,"column":61}},"29":{"start":{"line":64,"column":24},"end":{"line":64,"column":52}},"30":{"start":{"line":65,"column":24},"end":{"line":65,"column":80}},"31":{"start":{"line":69,"column":24},"end":{"line":69,"column":48}},"32":{"start":{"line":75,"column":4},"end":{"line":77,"column":6}},"33":{"start":{"line":76,"column":8},"end":{"line":76,"column":44}},"34":{"start":{"line":80,"column":20},"end":{"line":109,"column":3}},"35":{"start":{"line":81,"column":16},"end":{"line":104,"column":7}},"36":{"start":{"line":83,"column":8},"end":{"line":103,"column":27}},"37":{"start":{"line":84,"column":12},"end":{"line":102,"column":13}},"38":{"start":{"line":85,"column":16},"end":{"line":101,"column":17}},"39":{"start":{"line":87,"column":24},"end":{"line":87,"column":43}},"40":{"start":{"line":88,"column":24},"end":{"line":88,"column":113}},"41":{"start":{"line":91,"column":24},"end":{"line":91,"column":50}},"42":{"start":{"line":94,"column":24},"end":{"line":96,"column":27}},"43":{"start":{"line":100,"column":24},"end":{"line":100,"column":48}},"44":{"start":{"line":106,"column":4},"end":{"line":108,"column":6}},"45":{"start":{"line":107,"column":8},"end":{"line":107,"column":44}},"46":{"start":{"line":111,"column":27},"end":{"line":140,"column":3}},"47":{"start":{"line":112,"column":16},"end":{"line":135,"column":7}},"48":{"start":{"line":114,"column":8},"end":{"line":134,"column":27}},"49":{"start":{"line":115,"column":12},"end":{"line":133,"column":13}},"50":{"start":{"line":116,"column":16},"end":{"line":132,"column":17}},"51":{"start":{"line":118,"column":24},"end":{"line":118,"column":54}},"52":{"start":{"line":119,"column":24},"end":{"line":119,"column":43}},"53":{"start":{"line":120,"column":24},"end":{"line":120,"column":118}},"54":{"start":{"line":123,"column":24},"end":{"line":123,"column":50}},"55":{"start":{"line":125,"column":24},"end":{"line":127,"column":27}},"56":{"start":{"line":131,"column":24},"end":{"line":131,"column":48}},"57":{"start":{"line":137,"column":4},"end":{"line":139,"column":6}},"58":{"start":{"line":138,"column":8},"end":{"line":138,"column":44}},"59":{"start":{"line":142,"column":22},"end":{"line":181,"column":3}},"60":{"start":{"line":143,"column":16},"end":{"line":176,"column":7}},"61":{"start":{"line":145,"column":8},"end":{"line":175,"column":38}},"62":{"start":{"line":146,"column":12},"end":{"line":174,"column":13}},"63":{"start":{"line":147,"column":16},"end":{"line":173,"column":17}},"64":{"start":{"line":149,"column":24},"end":{"line":149,"column":54}},"65":{"start":{"line":150,"column":24},"end":{"line":150,"column":43}},"66":{"start":{"line":151,"column":24},"end":{"line":151,"column":43}},"67":{"start":{"line":152,"column":24},"end":{"line":152,"column":95}},"68":{"start":{"line":155,"column":24},"end":{"line":155,"column":46}},"69":{"start":{"line":157,"column":24},"end":{"line":157,"column":77}},"70":{"start":{"line":158,"column":24},"end":{"line":158,"column":55}},"71":{"start":{"line":159,"column":24},"end":{"line":159,"column":48}},"72":{"start":{"line":160,"column":24},"end":{"line":160,"column":44}},"73":{"start":{"line":161,"column":24},"end":{"line":161,"column":30}},"74":{"start":{"line":164,"column":24},"end":{"line":164,"column":44}},"75":{"start":{"line":165,"column":24},"end":{"line":165,"column":61}},"76":{"start":{"line":167,"column":24},"end":{"line":167,"column":52}},"77":{"start":{"line":168,"column":24},"end":{"line":168,"column":80}},"78":{"start":{"line":172,"column":24},"end":{"line":172,"column":48}},"79":{"start":{"line":178,"column":4},"end":{"line":180,"column":6}},"80":{"start":{"line":179,"column":8},"end":{"line":179,"column":44}},"81":{"start":{"line":183,"column":25},"end":{"line":205,"column":3}},"82":{"start":{"line":184,"column":16},"end":{"line":200,"column":7}},"83":{"start":{"line":185,"column":8},"end":{"line":199,"column":27}},"84":{"start":{"line":186,"column":12},"end":{"line":198,"column":13}},"85":{"start":{"line":187,"column":16},"end":{"line":197,"column":17}},"86":{"start":{"line":189,"column":24},"end":{"line":192,"column":27}},"87":{"start":{"line":196,"column":24},"end":{"line":196,"column":48}},"88":{"start":{"line":202,"column":4},"end":{"line":204,"column":6}},"89":{"start":{"line":203,"column":8},"end":{"line":203,"column":44}},"90":{"start":{"line":207,"column":16},"end":{"line":207,"column":37}},"91":{"start":{"line":209,"column":17},"end":{"line":209,"column":50}},"92":{"start":{"line":211,"column":21},"end":{"line":211,"column":47}},"93":{"start":{"line":213,"column":39},"end":{"line":213,"column":93}},"94":{"start":{"line":215,"column":33},"end":{"line":215,"column":456}},"95":{"start":{"line":215,"column":64},"end":{"line":215,"column":89}},"96":{"start":{"line":215,"column":91},"end":{"line":215,"column":453}},"97":{"start":{"line":215,"column":165},"end":{"line":215,"column":263}},"98":{"start":{"line":215,"column":182},"end":{"line":215,"column":195}},"99":{"start":{"line":215,"column":209},"end":{"line":215,"column":219}},"100":{"start":{"line":215,"column":239},"end":{"line":215,"column":253}},"101":{"start":{"line":215,"column":254},"end":{"line":215,"column":261}},"102":{"start":{"line":215,"column":264},"end":{"line":215,"column":426}},"103":{"start":{"line":215,"column":281},"end":{"line":215,"column":296}},"104":{"start":{"line":215,"column":306},"end":{"line":215,"column":424}},"105":{"start":{"line":215,"column":360},"end":{"line":215,"column":380}},"106":{"start":{"line":215,"column":401},"end":{"line":215,"column":420}},"107":{"start":{"line":215,"column":429},"end":{"line":215,"column":449}}},"fnMap":{"0":{"name":"(anonymous_0)","decl":{"start":{"line":8,"column":38},"end":{"line":8,"column":39}},"loc":{"start":{"line":8,"column":50},"end":{"line":36,"column":1}},"line":8},"1":{"name":"_callee","decl":{"start":{"line":9,"column":80},"end":{"line":9,"column":87}},"loc":{"start":{"line":9,"column":98},"end":{"line":31,"column":5}},"line":9},"2":{"name":"_callee$","decl":{"start":{"line":11,"column":48},"end":{"line":11,"column":56}},"loc":{"start":{"line":11,"column":67},"end":{"line":30,"column":9}},"line":11},"3":{"name":"getArtisan","decl":{"start":{"line":33,"column":20},"end":{"line":33,"column":30}},"loc":{"start":{"line":33,"column":40},"end":{"line":35,"column":5}},"line":33},"4":{"name":"(anonymous_4)","decl":{"start":{"line":38,"column":38},"end":{"line":38,"column":39}},"loc":{"start":{"line":38,"column":50},"end":{"line":78,"column":1}},"line":38},"5":{"name":"_callee2","decl":{"start":{"line":39,"column":81},"end":{"line":39,"column":89}},"loc":{"start":{"line":39,"column":100},"end":{"line":73,"column":5}},"line":39},"6":{"name":"_callee2$","decl":{"start":{"line":42,"column":48},"end":{"line":42,"column":57}},"loc":{"start":{"line":42,"column":69},"end":{"line":72,"column":9}},"line":42},"7":{"name":"addArtisan","decl":{"start":{"line":75,"column":20},"end":{"line":75,"column":30}},"loc":{"start":{"line":75,"column":41},"end":{"line":77,"column":5}},"line":75},"8":{"name":"(anonymous_8)","decl":{"start":{"line":80,"column":44},"end":{"line":80,"column":45}},"loc":{"start":{"line":80,"column":56},"end":{"line":109,"column":1}},"line":80},"9":{"name":"_callee3","decl":{"start":{"line":81,"column":81},"end":{"line":81,"column":89}},"loc":{"start":{"line":81,"column":100},"end":{"line":104,"column":5}},"line":81},"10":{"name":"_callee3$","decl":{"start":{"line":83,"column":48},"end":{"line":83,"column":57}},"loc":{"start":{"line":83,"column":69},"end":{"line":103,"column":9}},"line":83},"11":{"name":"removeArtisan","decl":{"start":{"line":106,"column":20},"end":{"line":106,"column":33}},"loc":{"start":{"line":106,"column":44},"end":{"line":108,"column":5}},"line":106},"12":{"name":"(anonymous_12)","decl":{"start":{"line":111,"column":58},"end":{"line":111,"column":59}},"loc":{"start":{"line":111,"column":70},"end":{"line":140,"column":1}},"line":111},"13":{"name":"_callee4","decl":{"start":{"line":112,"column":81},"end":{"line":112,"column":89}},"loc":{"start":{"line":112,"column":100},"end":{"line":135,"column":5}},"line":112},"14":{"name":"_callee4$","decl":{"start":{"line":114,"column":48},"end":{"line":114,"column":57}},"loc":{"start":{"line":114,"column":69},"end":{"line":134,"column":9}},"line":114},"15":{"name":"getArtisanByUsername","decl":{"start":{"line":137,"column":20},"end":{"line":137,"column":40}},"loc":{"start":{"line":137,"column":51},"end":{"line":139,"column":5}},"line":137},"16":{"name":"(anonymous_16)","decl":{"start":{"line":142,"column":48},"end":{"line":142,"column":49}},"loc":{"start":{"line":142,"column":60},"end":{"line":181,"column":1}},"line":142},"17":{"name":"_callee5","decl":{"start":{"line":143,"column":81},"end":{"line":143,"column":89}},"loc":{"start":{"line":143,"column":100},"end":{"line":176,"column":5}},"line":143},"18":{"name":"_callee5$","decl":{"start":{"line":145,"column":48},"end":{"line":145,"column":57}},"loc":{"start":{"line":145,"column":69},"end":{"line":175,"column":9}},"line":145},"19":{"name":"getArtisanImage","decl":{"start":{"line":178,"column":20},"end":{"line":178,"column":35}},"loc":{"start":{"line":178,"column":47},"end":{"line":180,"column":5}},"line":178},"20":{"name":"(anonymous_20)","decl":{"start":{"line":183,"column":54},"end":{"line":183,"column":55}},"loc":{"start":{"line":183,"column":66},"end":{"line":205,"column":1}},"line":183},"21":{"name":"_callee6","decl":{"start":{"line":184,"column":81},"end":{"line":184,"column":89}},"loc":{"start":{"line":184,"column":100},"end":{"line":200,"column":5}},"line":184},"22":{"name":"_callee6$","decl":{"start":{"line":185,"column":48},"end":{"line":185,"column":57}},"loc":{"start":{"line":185,"column":69},"end":{"line":199,"column":9}},"line":185},"23":{"name":"uploadArtisanImage","decl":{"start":{"line":202,"column":20},"end":{"line":202,"column":38}},"loc":{"start":{"line":202,"column":51},"end":{"line":204,"column":5}},"line":202},"24":{"name":"_interopRequireDefault","decl":{"start":{"line":213,"column":9},"end":{"line":213,"column":31}},"loc":{"start":{"line":213,"column":37},"end":{"line":213,"column":95}},"line":213},"25":{"name":"_asyncToGenerator","decl":{"start":{"line":215,"column":9},"end":{"line":215,"column":26}},"loc":{"start":{"line":215,"column":31},"end":{"line":215,"column":458}},"line":215},"26":{"name":"(anonymous_26)","decl":{"start":{"line":215,"column":40},"end":{"line":215,"column":41}},"loc":{"start":{"line":215,"column":52},"end":{"line":215,"column":455}},"line":215},"27":{"name":"(anonymous_27)","decl":{"start":{"line":215,"column":110},"end":{"line":215,"column":111}},"loc":{"start":{"line":215,"column":137},"end":{"line":215,"column":451}},"line":215},"28":{"name":"step","decl":{"start":{"line":215,"column":148},"end":{"line":215,"column":152}},"loc":{"start":{"line":215,"column":163},"end":{"line":215,"column":428}},"line":215},"29":{"name":"(anonymous_29)","decl":{"start":{"line":215,"column":341},"end":{"line":215,"column":342}},"loc":{"start":{"line":215,"column":358},"end":{"line":215,"column":382}},"line":215},"30":{"name":"(anonymous_30)","decl":{"start":{"line":215,"column":384},"end":{"line":215,"column":385}},"loc":{"start":{"line":215,"column":399},"end":{"line":215,"column":422}},"line":215}},"branchMap":{"0":{"loc":{"start":{"line":13,"column":16},"end":{"line":28,"column":17}},"type":"switch","locations":[{"start":{"line":14,"column":20},"end":{"line":16,"column":115}},{"start":{"line":18,"column":20},"end":{"line":23,"column":27}},{"start":{"line":25,"column":20},"end":{"line":25,"column":27}},{"start":{"line":26,"column":20},"end":{"line":27,"column":47}}],"line":13},"1":{"loc":{"start":{"line":22,"column":34},"end":{"line":22,"column":73}},"type":"cond-expr","locations":[{"start":{"line":22,"column":50},"end":{"line":22,"column":66}},{"start":{"line":22,"column":69},"end":{"line":22,"column":73}}],"line":22},"2":{"loc":{"start":{"line":44,"column":16},"end":{"line":70,"column":17}},"type":"switch","locations":[{"start":{"line":45,"column":20},"end":{"line":49,"column":316}},{"start":{"line":51,"column":20},"end":{"line":58,"column":30}},{"start":{"line":60,"column":20},"end":{"line":65,"column":80}},{"start":{"line":67,"column":20},"end":{"line":67,"column":28}},{"start":{"line":68,"column":20},"end":{"line":69,"column":48}}],"line":44},"3":{"loc":{"start":{"line":85,"column":16},"end":{"line":101,"column":17}},"type":"switch","locations":[{"start":{"line":86,"column":20},"end":{"line":88,"column":113}},{"start":{"line":90,"column":20},"end":{"line":96,"column":27}},{"start":{"line":98,"column":20},"end":{"line":98,"column":27}},{"start":{"line":99,"column":20},"end":{"line":100,"column":48}}],"line":85},"4":{"loc":{"start":{"line":116,"column":16},"end":{"line":132,"column":17}},"type":"switch","locations":[{"start":{"line":117,"column":20},"end":{"line":120,"column":118}},{"start":{"line":122,"column":20},"end":{"line":127,"column":27}},{"start":{"line":129,"column":20},"end":{"line":129,"column":27}},{"start":{"line":130,"column":20},"end":{"line":131,"column":48}}],"line":116},"5":{"loc":{"start":{"line":126,"column":34},"end":{"line":126,"column":73}},"type":"cond-expr","locations":[{"start":{"line":126,"column":50},"end":{"line":126,"column":66}},{"start":{"line":126,"column":69},"end":{"line":126,"column":73}}],"line":126},"6":{"loc":{"start":{"line":147,"column":16},"end":{"line":173,"column":17}},"type":"switch","locations":[{"start":{"line":148,"column":20},"end":{"line":152,"column":95}},{"start":{"line":154,"column":20},"end":{"line":161,"column":30}},{"start":{"line":163,"column":20},"end":{"line":168,"column":80}},{"start":{"line":170,"column":20},"end":{"line":170,"column":28}},{"start":{"line":171,"column":20},"end":{"line":172,"column":48}}],"line":147},"7":{"loc":{"start":{"line":187,"column":16},"end":{"line":197,"column":17}},"type":"switch","locations":[{"start":{"line":188,"column":20},"end":{"line":192,"column":27}},{"start":{"line":194,"column":20},"end":{"line":194,"column":27}},{"start":{"line":195,"column":20},"end":{"line":196,"column":48}}],"line":187},"8":{"loc":{"start":{"line":213,"column":46},"end":{"line":213,"column":92}},"type":"cond-expr","locations":[{"start":{"line":213,"column":70},"end":{"line":213,"column":73}},{"start":{"line":213,"column":76},"end":{"line":213,"column":92}}],"line":213},"9":{"loc":{"start":{"line":213,"column":46},"end":{"line":213,"column":67}},"type":"binary-expr","locations":[{"start":{"line":213,"column":46},"end":{"line":213,"column":49}},{"start":{"line":213,"column":53},"end":{"line":213,"column":67}}],"line":213},"10":{"loc":{"start":{"line":215,"column":264},"end":{"line":215,"column":426}},"type":"if","locations":[{"start":{"line":215,"column":264},"end":{"line":215,"column":426}},{"start":{"line":215,"column":264},"end":{"line":215,"column":426}}],"line":215}},"s":{"0":1,"1":1,"2":1,"3":1,"4":1,"5":2,"6":2,"7":1,"8":1,"9":1,"10":1,"11":1,"12":1,"13":1,"14":1,"15":1,"16":1,"17":2,"18":3,"19":1,"20":1,"21":1,"22":1,"23":1,"24":1,"25":1,"26":1,"27":0,"28":0,"29":0,"30":0,"31":1,"32":1,"33":1,"34":1,"35":1,"36":1,"37":2,"38":2,"39":1,"40":1,"41":1,"42":1,"43":1,"44":1,"45":1,"46":1,"47":1,"48":3,"49":6,"50":6,"51":3,"52":3,"53":3,"54":3,"55":3,"56":3,"57":1,"58":3,"59":1,"60":1,"61":0,"62":0,"63":0,"64":0,"65":0,"66":0,"67":0,"68":0,"69":0,"70":0,"71":0,"72":0,"73":0,"74":0,"75":0,"76":0,"77":0,"78":0,"79":1,"80":0,"81":1,"82":1,"83":0,"84":0,"85":0,"86":0,"87":0,"88":1,"89":0,"90":1,"91":1,"92":1,"93":1,"94":6,"95":6,"96":6,"97":12,"98":12,"99":12,"100":0,"101":0,"102":12,"103":6,"104":6,"105":6,"106":0,"107":6},"f":{"0":1,"1":1,"2":2,"3":1,"4":1,"5":1,"6":2,"7":1,"8":1,"9":1,"10":2,"11":1,"12":1,"13":3,"14":6,"15":3,"16":1,"17":0,"18":0,"19":0,"20":1,"21":0,"22":0,"23":0,"24":1,"25":6,"26":6,"27":6,"28":12,"29":6,"30":0},"b":{"0":[1,1,1,1],"1":[1,0],"2":[1,1,0,1,1],"3":[1,1,1,1],"4":[3,3,3,3],"5":[3,0],"6":[0,0,0,0,0],"7":[0,0,0],"8":[1,0],"9":[1,1],"10":[6,6]},"_coverageSchema":"43e27e138ebf9cfc5966b082cf9a028302ed4184","hash":"f2fce3d603dc890ad96ae13d8fc729097b73130c","contentHash":"65c264add5f6d993ef720983717f09d195eb5543364e53493d8f39d0379f2cd8"},"/Users/edwardlam-mendoza/WebstormProjects/handmade_backend/controllers/AWSController.js":{"path":"/Users/edwardlam-mendoza/WebstormProjects/handmade_backend/controllers/AWSController.js","statementMap":{"0":{"start":{"line":3,"column":0},"end":{"line":5,"column":3}},"1":{"start":{"line":6,"column":0},"end":{"line":6,"column":40}},"2":{"start":{"line":7,"column":0},"end":{"line":7,"column":28}},"3":{"start":{"line":9,"column":14},"end":{"line":9,"column":32}},"4":{"start":{"line":11,"column":14},"end":{"line":11,"column":31}},"5":{"start":{"line":13,"column":15},"end":{"line":13,"column":46}},"6":{"start":{"line":15,"column":15},"end":{"line":15,"column":35}},"7":{"start":{"line":17,"column":16},"end":{"line":17,"column":48}},"8":{"start":{"line":19,"column":39},"end":{"line":19,"column":93}},"9":{"start":{"line":21,"column":0},"end":{"line":26,"column":3}},"10":{"start":{"line":28,"column":31},"end":{"line":28,"column":44}},"11":{"start":{"line":30,"column":9},"end":{"line":30,"column":38}},"12":{"start":{"line":32,"column":13},"end":{"line":46,"column":2}},"13":{"start":{"line":39,"column":12},"end":{"line":39,"column":52}},"14":{"start":{"line":42,"column":27},"end":{"line":42,"column":85}},"15":{"start":{"line":43,"column":12},"end":{"line":43,"column":31}},"16":{"start":{"line":49,"column":19},"end":{"line":49,"column":38}},"17":{"start":{"line":50,"column":4},"end":{"line":53,"column":17}}},"fnMap":{"0":{"name":"_interopRequireDefault","decl":{"start":{"line":19,"column":9},"end":{"line":19,"column":31}},"loc":{"start":{"line":19,"column":37},"end":{"line":19,"column":95}},"line":19},"1":{"name":"metadata","decl":{"start":{"line":38,"column":27},"end":{"line":38,"column":35}},"loc":{"start":{"line":38,"column":51},"end":{"line":40,"column":9}},"line":38},"2":{"name":"key","decl":{"start":{"line":41,"column":22},"end":{"line":41,"column":25}},"loc":{"start":{"line":41,"column":41},"end":{"line":44,"column":9}},"line":41},"3":{"name":"getImage","decl":{"start":{"line":48,"column":9},"end":{"line":48,"column":17}},"loc":{"start":{"line":48,"column":37},"end":{"line":54,"column":1}},"line":48}},"branchMap":{"0":{"loc":{"start":{"line":19,"column":46},"end":{"line":19,"column":92}},"type":"cond-expr","locations":[{"start":{"line":19,"column":70},"end":{"line":19,"column":73}},{"start":{"line":19,"column":76},"end":{"line":19,"column":92}}],"line":19},"1":{"loc":{"start":{"line":19,"column":46},"end":{"line":19,"column":67}},"type":"binary-expr","locations":[{"start":{"line":19,"column":46},"end":{"line":19,"column":49}},{"start":{"line":19,"column":53},"end":{"line":19,"column":67}}],"line":19}},"s":{"0":1,"1":1,"2":1,"3":1,"4":1,"5":1,"6":1,"7":1,"8":2,"9":1,"10":1,"11":1,"12":1,"13":0,"14":0,"15":0,"16":0,"17":0},"f":{"0":2,"1":0,"2":0,"3":0},"b":{"0":[0,2],"1":[2,2]},"_coverageSchema":"43e27e138ebf9cfc5966b082cf9a028302ed4184","hash":"529af73647da34db7fab77f0cbcdde4cff258192","contentHash":"b5a578bc6d6e37f8c19dd26d2114f40cf75d0c627e0e727888d8ff79a62be252"},"/Users/edwardlam-mendoza/WebstormProjects/handmade_backend/routes/cga.js":{"path":"/Users/edwardlam-mendoza/WebstormProjects/handmade_backend/routes/cga.js","statementMap":{"0":{"start":{"line":3,"column":0},"end":{"line":5,"column":3}},"1":{"start":{"line":7,"column":15},"end":{"line":7,"column":33}},"2":{"start":{"line":9,"column":21},"end":{"line":9,"column":60}},"3":{"start":{"line":11,"column":21},"end":{"line":11,"column":60}},"4":{"start":{"line":13,"column":16},"end":{"line":13,"column":38}},"5":{"start":{"line":15,"column":0},"end":{"line":15,"column":61}},"6":{"start":{"line":17,"column":0},"end":{"line":17,"column":52}},"7":{"start":{"line":18,"column":0},"end":{"line":18,"column":95}},"8":{"start":{"line":20,"column":0},"end":{"line":20,"column":48}},"9":{"start":{"line":21,"column":0},"end":{"line":21,"column":54}},"10":{"start":{"line":23,"column":0},"end":{"line":23,"column":43}},"11":{"start":{"line":24,"column":0},"end":{"line":24,"column":49}},"12":{"start":{"line":26,"column":0},"end":{"line":26,"column":28}}},"fnMap":{},"branchMap":{},"s":{"0":1,"1":1,"2":1,"3":1,"4":1,"5":1,"6":1,"7":1,"8":1,"9":1,"10":1,"11":1,"12":1},"f":{},"b":{},"_coverageSchema":"43e27e138ebf9cfc5966b082cf9a028302ed4184","hash":"ebd3e9afec45f2c21b85a001d806f3b53305f562","contentHash":"a6b5b409a0ac6944fa574c15f8ef60981210e725ca8bfeb7fe78ba1b23727932"},"/Users/edwardlam-mendoza/WebstormProjects/handmade_backend/controllers/CGAController.js":{"path":"/Users/edwardlam-mendoza/WebstormProjects/handmade_backend/controllers/CGAController.js","statementMap":{"0":{"start":{"line":3,"column":0},"end":{"line":5,"column":3}},"1":{"start":{"line":6,"column":0},"end":{"line":6,"column":163}},"2":{"start":{"line":8,"column":13},"end":{"line":36,"column":3}},"3":{"start":{"line":9,"column":15},"end":{"line":31,"column":7}},"4":{"start":{"line":11,"column":8},"end":{"line":30,"column":26}},"5":{"start":{"line":12,"column":12},"end":{"line":29,"column":13}},"6":{"start":{"line":13,"column":16},"end":{"line":28,"column":17}},"7":{"start":{"line":15,"column":24},"end":{"line":15,"column":42}},"8":{"start":{"line":16,"column":24},"end":{"line":16,"column":107}},"9":{"start":{"line":19,"column":24},"end":{"line":19,"column":49}},"10":{"start":{"line":21,"column":24},"end":{"line":23,"column":27}},"11":{"start":{"line":27,"column":24},"end":{"line":27,"column":47}},"12":{"start":{"line":33,"column":4},"end":{"line":35,"column":6}},"13":{"start":{"line":34,"column":8},"end":{"line":34,"column":43}},"14":{"start":{"line":38,"column":13},"end":{"line":68,"column":3}},"15":{"start":{"line":39,"column":16},"end":{"line":63,"column":7}},"16":{"start":{"line":42,"column":8},"end":{"line":62,"column":27}},"17":{"start":{"line":43,"column":12},"end":{"line":61,"column":13}},"18":{"start":{"line":44,"column":16},"end":{"line":60,"column":17}},"19":{"start":{"line":46,"column":24},"end":{"line":46,"column":134}},"20":{"start":{"line":47,"column":24},"end":{"line":47,"column":43}},"21":{"start":{"line":48,"column":24},"end":{"line":48,"column":177}},"22":{"start":{"line":51,"column":24},"end":{"line":51,"column":50}},"23":{"start":{"line":53,"column":24},"end":{"line":55,"column":27}},"24":{"start":{"line":59,"column":24},"end":{"line":59,"column":48}},"25":{"start":{"line":65,"column":4},"end":{"line":67,"column":6}},"26":{"start":{"line":66,"column":8},"end":{"line":66,"column":44}},"27":{"start":{"line":70,"column":16},"end":{"line":98,"column":3}},"28":{"start":{"line":71,"column":16},"end":{"line":93,"column":7}},"29":{"start":{"line":73,"column":8},"end":{"line":92,"column":27}},"30":{"start":{"line":74,"column":12},"end":{"line":91,"column":13}},"31":{"start":{"line":75,"column":16},"end":{"line":90,"column":17}},"32":{"start":{"line":77,"column":24},"end":{"line":77,"column":43}},"33":{"start":{"line":78,"column":24},"end":{"line":78,"column":105}},"34":{"start":{"line":81,"column":24},"end":{"line":81,"column":50}},"35":{"start":{"line":83,"column":24},"end":{"line":85,"column":27}},"36":{"start":{"line":89,"column":24},"end":{"line":89,"column":48}},"37":{"start":{"line":95,"column":4},"end":{"line":97,"column":6}},"38":{"start":{"line":96,"column":8},"end":{"line":96,"column":44}},"39":{"start":{"line":100,"column":20},"end":{"line":131,"column":3}},"40":{"start":{"line":101,"column":16},"end":{"line":126,"column":7}},"41":{"start":{"line":103,"column":8},"end":{"line":125,"column":27}},"42":{"start":{"line":104,"column":12},"end":{"line":124,"column":13}},"43":{"start":{"line":105,"column":16},"end":{"line":123,"column":17}},"44":{"start":{"line":107,"column":24},"end":{"line":107,"column":48}},"45":{"start":{"line":109,"column":24},"end":{"line":109,"column":88}},"46":{"start":{"line":110,"column":24},"end":{"line":110,"column":43}},"47":{"start":{"line":111,"column":24},"end":{"line":111,"column":108}},"48":{"start":{"line":114,"column":24},"end":{"line":114,"column":50}},"49":{"start":{"line":116,"column":24},"end":{"line":118,"column":27}},"50":{"start":{"line":122,"column":24},"end":{"line":122,"column":48}},"51":{"start":{"line":128,"column":4},"end":{"line":130,"column":6}},"52":{"start":{"line":129,"column":8},"end":{"line":129,"column":44}},"53":{"start":{"line":133,"column":24},"end":{"line":174,"column":3}},"54":{"start":{"line":134,"column":16},"end":{"line":169,"column":7}},"55":{"start":{"line":136,"column":8},"end":{"line":168,"column":37}},"56":{"start":{"line":137,"column":12},"end":{"line":167,"column":13}},"57":{"start":{"line":138,"column":16},"end":{"line":166,"column":17}},"58":{"start":{"line":140,"column":24},"end":{"line":140,"column":48}},"59":{"start":{"line":141,"column":24},"end":{"line":141,"column":43}},"60":{"start":{"line":142,"column":24},"end":{"line":142,"column":43}},"61":{"start":{"line":143,"column":24},"end":{"line":143,"column":143}},"62":{"start":{"line":146,"column":24},"end":{"line":146,"column":50}},"63":{"start":{"line":148,"column":24},"end":{"line":150,"column":27}},"64":{"start":{"line":151,"column":24},"end":{"line":151,"column":44}},"65":{"start":{"line":152,"column":24},"end":{"line":152,"column":30}},"66":{"start":{"line":155,"column":24},"end":{"line":155,"column":43}},"67":{"start":{"line":156,"column":24},"end":{"line":156,"column":61}},"68":{"start":{"line":158,"column":24},"end":{"line":158,"column":52}},"69":{"start":{"line":159,"column":24},"end":{"line":161,"column":27}},"70":{"start":{"line":165,"column":24},"end":{"line":165,"column":48}},"71":{"start":{"line":171,"column":4},"end":{"line":173,"column":6}},"72":{"start":{"line":172,"column":8},"end":{"line":172,"column":44}},"73":{"start":{"line":176,"column":21},"end":{"line":198,"column":3}},"74":{"start":{"line":177,"column":16},"end":{"line":193,"column":7}},"75":{"start":{"line":178,"column":8},"end":{"line":192,"column":27}},"76":{"start":{"line":179,"column":12},"end":{"line":191,"column":13}},"77":{"start":{"line":180,"column":16},"end":{"line":190,"column":17}},"78":{"start":{"line":182,"column":24},"end":{"line":185,"column":27}},"79":{"start":{"line":189,"column":24},"end":{"line":189,"column":48}},"80":{"start":{"line":195,"column":4},"end":{"line":197,"column":6}},"81":{"start":{"line":196,"column":8},"end":{"line":196,"column":44}},"82":{"start":{"line":200,"column":18},"end":{"line":239,"column":3}},"83":{"start":{"line":201,"column":16},"end":{"line":234,"column":7}},"84":{"start":{"line":203,"column":8},"end":{"line":233,"column":38}},"85":{"start":{"line":204,"column":12},"end":{"line":232,"column":13}},"86":{"start":{"line":205,"column":16},"end":{"line":231,"column":17}},"87":{"start":{"line":207,"column":24},"end":{"line":207,"column":48}},"88":{"start":{"line":208,"column":24},"end":{"line":208,"column":43}},"89":{"start":{"line":209,"column":24},"end":{"line":209,"column":43}},"90":{"start":{"line":210,"column":24},"end":{"line":210,"column":88}},"91":{"start":{"line":213,"column":24},"end":{"line":213,"column":46}},"92":{"start":{"line":215,"column":24},"end":{"line":215,"column":77}},"93":{"start":{"line":216,"column":24},"end":{"line":216,"column":55}},"94":{"start":{"line":217,"column":24},"end":{"line":217,"column":48}},"95":{"start":{"line":218,"column":24},"end":{"line":218,"column":44}},"96":{"start":{"line":219,"column":24},"end":{"line":219,"column":30}},"97":{"start":{"line":222,"column":24},"end":{"line":222,"column":44}},"98":{"start":{"line":223,"column":24},"end":{"line":223,"column":61}},"99":{"start":{"line":225,"column":24},"end":{"line":225,"column":52}},"100":{"start":{"line":226,"column":24},"end":{"line":226,"column":80}},"101":{"start":{"line":230,"column":24},"end":{"line":230,"column":48}},"102":{"start":{"line":236,"column":4},"end":{"line":238,"column":6}},"103":{"start":{"line":237,"column":8},"end":{"line":237,"column":44}},"104":{"start":{"line":241,"column":16},"end":{"line":241,"column":37}},"105":{"start":{"line":243,"column":17},"end":{"line":243,"column":50}},"106":{"start":{"line":245,"column":21},"end":{"line":245,"column":47}},"107":{"start":{"line":247,"column":39},"end":{"line":247,"column":93}},"108":{"start":{"line":249,"column":33},"end":{"line":249,"column":456}},"109":{"start":{"line":249,"column":64},"end":{"line":249,"column":89}},"110":{"start":{"line":249,"column":91},"end":{"line":249,"column":453}},"111":{"start":{"line":249,"column":165},"end":{"line":249,"column":263}},"112":{"start":{"line":249,"column":182},"end":{"line":249,"column":195}},"113":{"start":{"line":249,"column":209},"end":{"line":249,"column":219}},"114":{"start":{"line":249,"column":239},"end":{"line":249,"column":253}},"115":{"start":{"line":249,"column":254},"end":{"line":249,"column":261}},"116":{"start":{"line":249,"column":264},"end":{"line":249,"column":426}},"117":{"start":{"line":249,"column":281},"end":{"line":249,"column":296}},"118":{"start":{"line":249,"column":306},"end":{"line":249,"column":424}},"119":{"start":{"line":249,"column":360},"end":{"line":249,"column":380}},"120":{"start":{"line":249,"column":401},"end":{"line":249,"column":420}},"121":{"start":{"line":249,"column":429},"end":{"line":249,"column":449}}},"fnMap":{"0":{"name":"(anonymous_0)","decl":{"start":{"line":8,"column":30},"end":{"line":8,"column":31}},"loc":{"start":{"line":8,"column":42},"end":{"line":36,"column":1}},"line":8},"1":{"name":"_callee","decl":{"start":{"line":9,"column":80},"end":{"line":9,"column":87}},"loc":{"start":{"line":9,"column":98},"end":{"line":31,"column":5}},"line":9},"2":{"name":"_callee$","decl":{"start":{"line":11,"column":48},"end":{"line":11,"column":56}},"loc":{"start":{"line":11,"column":67},"end":{"line":30,"column":9}},"line":11},"3":{"name":"getCGA","decl":{"start":{"line":33,"column":20},"end":{"line":33,"column":26}},"loc":{"start":{"line":33,"column":36},"end":{"line":35,"column":5}},"line":33},"4":{"name":"(anonymous_4)","decl":{"start":{"line":38,"column":30},"end":{"line":38,"column":31}},"loc":{"start":{"line":38,"column":42},"end":{"line":68,"column":1}},"line":38},"5":{"name":"_callee2","decl":{"start":{"line":39,"column":81},"end":{"line":39,"column":89}},"loc":{"start":{"line":39,"column":100},"end":{"line":63,"column":5}},"line":39},"6":{"name":"_callee2$","decl":{"start":{"line":42,"column":48},"end":{"line":42,"column":57}},"loc":{"start":{"line":42,"column":69},"end":{"line":62,"column":9}},"line":42},"7":{"name":"addCGA","decl":{"start":{"line":65,"column":20},"end":{"line":65,"column":26}},"loc":{"start":{"line":65,"column":37},"end":{"line":67,"column":5}},"line":65},"8":{"name":"(anonymous_8)","decl":{"start":{"line":70,"column":36},"end":{"line":70,"column":37}},"loc":{"start":{"line":70,"column":48},"end":{"line":98,"column":1}},"line":70},"9":{"name":"_callee3","decl":{"start":{"line":71,"column":81},"end":{"line":71,"column":89}},"loc":{"start":{"line":71,"column":100},"end":{"line":93,"column":5}},"line":71},"10":{"name":"_callee3$","decl":{"start":{"line":73,"column":48},"end":{"line":73,"column":57}},"loc":{"start":{"line":73,"column":69},"end":{"line":92,"column":9}},"line":73},"11":{"name":"removeCGA","decl":{"start":{"line":95,"column":20},"end":{"line":95,"column":29}},"loc":{"start":{"line":95,"column":40},"end":{"line":97,"column":5}},"line":95},"12":{"name":"(anonymous_12)","decl":{"start":{"line":100,"column":44},"end":{"line":100,"column":45}},"loc":{"start":{"line":100,"column":56},"end":{"line":131,"column":1}},"line":100},"13":{"name":"_callee4","decl":{"start":{"line":101,"column":81},"end":{"line":101,"column":89}},"loc":{"start":{"line":101,"column":100},"end":{"line":126,"column":5}},"line":101},"14":{"name":"_callee4$","decl":{"start":{"line":103,"column":48},"end":{"line":103,"column":57}},"loc":{"start":{"line":103,"column":69},"end":{"line":125,"column":9}},"line":103},"15":{"name":"getCGAByEmail","decl":{"start":{"line":128,"column":20},"end":{"line":128,"column":33}},"loc":{"start":{"line":128,"column":44},"end":{"line":130,"column":5}},"line":128},"16":{"name":"(anonymous_16)","decl":{"start":{"line":133,"column":52},"end":{"line":133,"column":53}},"loc":{"start":{"line":133,"column":64},"end":{"line":174,"column":1}},"line":133},"17":{"name":"_callee5","decl":{"start":{"line":134,"column":81},"end":{"line":134,"column":89}},"loc":{"start":{"line":134,"column":100},"end":{"line":169,"column":5}},"line":134},"18":{"name":"_callee5$","decl":{"start":{"line":136,"column":48},"end":{"line":136,"column":57}},"loc":{"start":{"line":136,"column":69},"end":{"line":168,"column":9}},"line":136},"19":{"name":"getArtisansForCGA","decl":{"start":{"line":171,"column":20},"end":{"line":171,"column":37}},"loc":{"start":{"line":171,"column":49},"end":{"line":173,"column":5}},"line":171},"20":{"name":"(anonymous_20)","decl":{"start":{"line":176,"column":46},"end":{"line":176,"column":47}},"loc":{"start":{"line":176,"column":58},"end":{"line":198,"column":1}},"line":176},"21":{"name":"_callee6","decl":{"start":{"line":177,"column":81},"end":{"line":177,"column":89}},"loc":{"start":{"line":177,"column":100},"end":{"line":193,"column":5}},"line":177},"22":{"name":"_callee6$","decl":{"start":{"line":178,"column":48},"end":{"line":178,"column":57}},"loc":{"start":{"line":178,"column":69},"end":{"line":192,"column":9}},"line":178},"23":{"name":"uploadCGAImage","decl":{"start":{"line":195,"column":20},"end":{"line":195,"column":34}},"loc":{"start":{"line":195,"column":47},"end":{"line":197,"column":5}},"line":195},"24":{"name":"(anonymous_24)","decl":{"start":{"line":200,"column":40},"end":{"line":200,"column":41}},"loc":{"start":{"line":200,"column":52},"end":{"line":239,"column":1}},"line":200},"25":{"name":"_callee7","decl":{"start":{"line":201,"column":81},"end":{"line":201,"column":89}},"loc":{"start":{"line":201,"column":100},"end":{"line":234,"column":5}},"line":201},"26":{"name":"_callee7$","decl":{"start":{"line":203,"column":48},"end":{"line":203,"column":57}},"loc":{"start":{"line":203,"column":69},"end":{"line":233,"column":9}},"line":203},"27":{"name":"getCGAImage","decl":{"start":{"line":236,"column":20},"end":{"line":236,"column":31}},"loc":{"start":{"line":236,"column":44},"end":{"line":238,"column":5}},"line":236},"28":{"name":"_interopRequireDefault","decl":{"start":{"line":247,"column":9},"end":{"line":247,"column":31}},"loc":{"start":{"line":247,"column":37},"end":{"line":247,"column":95}},"line":247},"29":{"name":"_asyncToGenerator","decl":{"start":{"line":249,"column":9},"end":{"line":249,"column":26}},"loc":{"start":{"line":249,"column":31},"end":{"line":249,"column":458}},"line":249},"30":{"name":"(anonymous_30)","decl":{"start":{"line":249,"column":40},"end":{"line":249,"column":41}},"loc":{"start":{"line":249,"column":52},"end":{"line":249,"column":455}},"line":249},"31":{"name":"(anonymous_31)","decl":{"start":{"line":249,"column":110},"end":{"line":249,"column":111}},"loc":{"start":{"line":249,"column":137},"end":{"line":249,"column":451}},"line":249},"32":{"name":"step","decl":{"start":{"line":249,"column":148},"end":{"line":249,"column":152}},"loc":{"start":{"line":249,"column":163},"end":{"line":249,"column":428}},"line":249},"33":{"name":"(anonymous_33)","decl":{"start":{"line":249,"column":341},"end":{"line":249,"column":342}},"loc":{"start":{"line":249,"column":358},"end":{"line":249,"column":382}},"line":249},"34":{"name":"(anonymous_34)","decl":{"start":{"line":249,"column":384},"end":{"line":249,"column":385}},"loc":{"start":{"line":249,"column":399},"end":{"line":249,"column":422}},"line":249}},"branchMap":{"0":{"loc":{"start":{"line":13,"column":16},"end":{"line":28,"column":17}},"type":"switch","locations":[{"start":{"line":14,"column":20},"end":{"line":16,"column":107}},{"start":{"line":18,"column":20},"end":{"line":23,"column":27}},{"start":{"line":25,"column":20},"end":{"line":25,"column":27}},{"start":{"line":26,"column":20},"end":{"line":27,"column":47}}],"line":13},"1":{"loc":{"start":{"line":22,"column":34},"end":{"line":22,"column":70}},"type":"cond-expr","locations":[{"start":{"line":22,"column":50},"end":{"line":22,"column":63}},{"start":{"line":22,"column":66},"end":{"line":22,"column":70}}],"line":22},"2":{"loc":{"start":{"line":44,"column":16},"end":{"line":60,"column":17}},"type":"switch","locations":[{"start":{"line":45,"column":20},"end":{"line":48,"column":177}},{"start":{"line":50,"column":20},"end":{"line":55,"column":27}},{"start":{"line":57,"column":20},"end":{"line":57,"column":27}},{"start":{"line":58,"column":20},"end":{"line":59,"column":48}}],"line":44},"3":{"loc":{"start":{"line":75,"column":16},"end":{"line":90,"column":17}},"type":"switch","locations":[{"start":{"line":76,"column":20},"end":{"line":78,"column":105}},{"start":{"line":80,"column":20},"end":{"line":85,"column":27}},{"start":{"line":87,"column":20},"end":{"line":87,"column":27}},{"start":{"line":88,"column":20},"end":{"line":89,"column":48}}],"line":75},"4":{"loc":{"start":{"line":105,"column":16},"end":{"line":123,"column":17}},"type":"switch","locations":[{"start":{"line":106,"column":20},"end":{"line":111,"column":108}},{"start":{"line":113,"column":20},"end":{"line":118,"column":27}},{"start":{"line":120,"column":20},"end":{"line":120,"column":27}},{"start":{"line":121,"column":20},"end":{"line":122,"column":48}}],"line":105},"5":{"loc":{"start":{"line":117,"column":34},"end":{"line":117,"column":70}},"type":"cond-expr","locations":[{"start":{"line":117,"column":50},"end":{"line":117,"column":63}},{"start":{"line":117,"column":66},"end":{"line":117,"column":70}}],"line":117},"6":{"loc":{"start":{"line":138,"column":16},"end":{"line":166,"column":17}},"type":"switch","locations":[{"start":{"line":139,"column":20},"end":{"line":143,"column":143}},{"start":{"line":145,"column":20},"end":{"line":152,"column":30}},{"start":{"line":154,"column":20},"end":{"line":161,"column":27}},{"start":{"line":163,"column":20},"end":{"line":163,"column":28}},{"start":{"line":164,"column":20},"end":{"line":165,"column":48}}],"line":138},"7":{"loc":{"start":{"line":149,"column":34},"end":{"line":149,"column":70}},"type":"cond-expr","locations":[{"start":{"line":149,"column":50},"end":{"line":149,"column":63}},{"start":{"line":149,"column":66},"end":{"line":149,"column":70}}],"line":149},"8":{"loc":{"start":{"line":180,"column":16},"end":{"line":190,"column":17}},"type":"switch","locations":[{"start":{"line":181,"column":20},"end":{"line":185,"column":27}},{"start":{"line":187,"column":20},"end":{"line":187,"column":27}},{"start":{"line":188,"column":20},"end":{"line":189,"column":48}}],"line":180},"9":{"loc":{"start":{"line":205,"column":16},"end":{"line":231,"column":17}},"type":"switch","locations":[{"start":{"line":206,"column":20},"end":{"line":210,"column":88}},{"start":{"line":212,"column":20},"end":{"line":219,"column":30}},{"start":{"line":221,"column":20},"end":{"line":226,"column":80}},{"start":{"line":228,"column":20},"end":{"line":228,"column":28}},{"start":{"line":229,"column":20},"end":{"line":230,"column":48}}],"line":205},"10":{"loc":{"start":{"line":247,"column":46},"end":{"line":247,"column":92}},"type":"cond-expr","locations":[{"start":{"line":247,"column":70},"end":{"line":247,"column":73}},{"start":{"line":247,"column":76},"end":{"line":247,"column":92}}],"line":247},"11":{"loc":{"start":{"line":247,"column":46},"end":{"line":247,"column":67}},"type":"binary-expr","locations":[{"start":{"line":247,"column":46},"end":{"line":247,"column":49}},{"start":{"line":247,"column":53},"end":{"line":247,"column":67}}],"line":247},"12":{"loc":{"start":{"line":249,"column":264},"end":{"line":249,"column":426}},"type":"if","locations":[{"start":{"line":249,"column":264},"end":{"line":249,"column":426}},{"start":{"line":249,"column":264},"end":{"line":249,"column":426}}],"line":249}},"s":{"0":1,"1":1,"2":1,"3":1,"4":1,"5":2,"6":2,"7":1,"8":1,"9":1,"10":1,"11":1,"12":1,"13":1,"14":1,"15":1,"16":1,"17":2,"18":2,"19":1,"20":1,"21":1,"22":1,"23":1,"24":1,"25":1,"26":1,"27":1,"28":1,"29":1,"30":2,"31":2,"32":1,"33":1,"34":1,"35":1,"36":1,"37":1,"38":1,"39":1,"40":1,"41":2,"42":4,"43":4,"44":2,"45":2,"46":2,"47":2,"48":2,"49":2,"50":2,"51":1,"52":2,"53":1,"54":1,"55":1,"56":2,"57":3,"58":1,"59":1,"60":1,"61":1,"62":1,"63":1,"64":1,"65":1,"66":0,"67":0,"68":0,"69":0,"70":1,"71":1,"72":1,"73":1,"74":1,"75":0,"76":0,"77":0,"78":0,"79":0,"80":1,"81":0,"82":1,"83":1,"84":0,"85":0,"86":0,"87":0,"88":0,"89":0,"90":0,"91":0,"92":0,"93":0,"94":0,"95":0,"96":0,"97":0,"98":0,"99":0,"100":0,"101":0,"102":1,"103":0,"104":1,"105":1,"106":1,"107":1,"108":7,"109":6,"110":6,"111":12,"112":12,"113":12,"114":0,"115":0,"116":12,"117":6,"118":6,"119":6,"120":0,"121":6},"f":{"0":1,"1":1,"2":2,"3":1,"4":1,"5":1,"6":2,"7":1,"8":1,"9":1,"10":2,"11":1,"12":1,"13":2,"14":4,"15":2,"16":1,"17":1,"18":2,"19":1,"20":1,"21":0,"22":0,"23":0,"24":1,"25":0,"26":0,"27":0,"28":1,"29":7,"30":6,"31":6,"32":12,"33":6,"34":0},"b":{"0":[1,1,1,1],"1":[1,0],"2":[1,1,1,1],"3":[1,1,1,1],"4":[2,2,2,2],"5":[2,0],"6":[1,1,0,1,1],"7":[1,0],"8":[0,0,0],"9":[0,0,0,0,0],"10":[1,0],"11":[1,1],"12":[6,6]},"_coverageSchema":"43e27e138ebf9cfc5966b082cf9a028302ed4184","hash":"5ab965bfa8ad5520236fa041fdc9a22b2311c166","contentHash":"3a90d79caf261edbcb5a406f86385f4687ff93a934c272eb06b4e719e81f0607"},"/Users/edwardlam-mendoza/WebstormProjects/handmade_backend/routes/payout.js":{"path":"/Users/edwardlam-mendoza/WebstormProjects/handmade_backend/routes/payout.js","statementMap":{"0":{"start":{"line":3,"column":0},"end":{"line":5,"column":3}},"1":{"start":{"line":7,"column":15},"end":{"line":7,"column":33}},"2":{"start":{"line":9,"column":24},"end":{"line":9,"column":66}},"3":{"start":{"line":11,"column":19},"end":{"line":11,"column":41}},"4":{"sta
[...]
111,"column":43},"end":{"line":113,"column":5}},"line":111},"12":{"name":"_interopRequireDefault","decl":{"start":{"line":120,"column":9},"end":{"line":120,"column":31}},"loc":{"start":{"line":120,"column":37},"end":{"line":120,"column":95}},"line":120},"13":{"name":"_asyncToGenerator","decl":{"start":{"line":122,"column":9},"end":{"line":122,"column":26}},"loc":{"start":{"line":122,"column":31},"end":{"line":122,"column":458}},"line":122},"14":{"name":"(anonymous_14)","decl":{"start":{"line":122,"column":40},"end":{"line":122,"column":41}},"loc":{"start":{"line":122,"column":52},"end":{"line":122,"column":455}},"line":122},"15":{"name":"(anonymous_15)","decl":{"start":{"line":122,"column":110},"end":{"line":122,"column":111}},"loc":{"start":{"line":122,"column":137},"end":{"line":122,"column":451}},"line":122},"16":{"name":"step","decl":{"start":{"line":122,"column":148},"end":{"line":122,"column":152}},"loc":{"start":{"line":122,"column":163},"end":{"line":122,"column":428}},"line":122},"17":{"name":"(anonymous_17)","decl":{"start":{"line":122,"column":341},"end":{"line":122,"column":342}},"loc":{"start":{"line":122,"column":358},"end":{"line":122,"column":382}},"line":122},"18":{"name":"(anonymous_18)","decl":{"start":{"line":122,"column":384},"end":{"line":122,"column":385}},"loc":{"start":{"line":122,"column":399},"end":{"line":122,"column":422}},"line":122}},"branchMap":{"0":{"loc":{"start":{"line":13,"column":16},"end":{"line":31,"column":17}},"type":"switch","locations":[{"start":{"line":14,"column":20},"end":{"line":18,"column":96}},{"start":{"line":20,"column":20},"end":{"line":26,"column":27}},{"start":{"line":28,"column":20},"end":{"line":28,"column":27}},{"start":{"line":29,"column":20},"end":{"line":30,"column":47}}],"line":13},"1":{"loc":{"start":{"line":16,"column":29},"end":{"line":16,"column":67}},"type":"binary-expr","locations":[{"start":{"line":16,"column":29},"end":{"line":16,"column":62}},{"start":{"line":16,"column":66},"end":{"line":16,"column":67}}],"line":16},"2":{"loc":{"start":{"line":47,"column":16},"end":{"line":74,"column":17}},"type":"switch","locations":[{"start":{"line":48,"column":20},"end":{"line":52,"column":158}},{"start":{"line":54,"column":20},"end":{"line":62,"column":30}},{"start":{"line":64,"column":20},"end":{"line":69,"column":80}},{"start":{"line":71,"column":20},"end":{"line":71,"column":28}},{"start":{"line":72,"column":20},"end":{"line":73,"column":48}}],"line":47},"3":{"loc":{"start":{"line":89,"column":16},"end":{"line":106,"column":17}},"type":"switch","locations":[{"start":{"line":90,"column":20},"end":{"line":94,"column":94}},{"start":{"line":96,"column":20},"end":{"line":101,"column":27}},{"start":{"line":103,"column":20},"end":{"line":103,"column":27}},{"start":{"line":104,"column":20},"end":{"line":105,"column":48}}],"line":89},"4":{"loc":{"start":{"line":92,"column":29},"end":{"line":92,"column":67}},"type":"binary-expr","locations":[{"start":{"line":92,"column":29},"end":{"line":92,"column":62}},{"start":{"line":92,"column":66},"end":{"line":92,"column":67}}],"line":92},"5":{"loc":{"start":{"line":120,"column":46},"end":{"line":120,"column":92}},"type":"cond-expr","locations":[{"start":{"line":120,"column":70},"end":{"line":120,"column":73}},{"start":{"line":120,"column":76},"end":{"line":120,"column":92}}],"line":120},"6":{"loc":{"start":{"line":120,"column":46},"end":{"line":120,"column":67}},"type":"binary-expr","locations":[{"start":{"line":120,"column":46},"end":{"line":120,"column":49}},{"start":{"line":120,"column":53},"end":{"line":120,"column":67}}],"line":120},"7":{"loc":{"start":{"line":122,"column":264},"end":{"line":122,"column":426}},"type":"if","locations":[{"start":{"line":122,"column":264},"end":{"line":122,"column":426}},{"start":{"line":122,"column":264},"end":{"line":122,"column":426}}],"line":122}},"s":{"0":1,"1":1,"2":1,"3":1,"4":2,"5":4,"6":4,"7":2,"8":2,"9":2,"10":2,"11":2,"12":2,"13":1,"14":2,"15":1,"16":1,"17":1,"18":2,"19":3,"20":1,"21":1,"22":1,"23":1,"24":1,"25":1,"26":1,"27":1,"28":0,"29":0,"30":0,"31":0,"32":1,"33":1,"34":1,"35":1,"36":1,"37":0,"38":0,"39":0,"40":0,"41":0,"42":0,"43":0,"44":0,"45":0,"46":1,"47":0,"48":1,"49":1,"50":1,"51":3,"52":3,"53":3,"54":6,"55":6,"56":6,"57":0,"58":0,"59":6,"60":3,"61":3,"62":3,"63":0,"64":3},"f":{"0":1,"1":2,"2":4,"3":2,"4":1,"5":1,"6":2,"7":1,"8":1,"9":0,"10":0,"11":0,"12":1,"13":3,"14":3,"15":3,"16":6,"17":3,"18":0},"b":{"0":[2,2,2,2],"1":[2,1],"2":[1,1,0,1,1],"3":[0,0,0,0],"4":[0,0],"5":[1,0],"6":[1,1],"7":[3,3]},"_coverageSchema":"43e27e138ebf9cfc5966b082cf9a028302ed4184","hash":"61041929282e4e23d5b39f454588f590913b73c9","contentHash":"3e5feb65a75db8f894a028ffb177f22884b193c608f10a7d2db96a9f1f3268c3"},"/Users/edwardlam-mendoza/WebstormProjects/handmade_backend/tests/cgaTests.js":{"path":"/Users/edwardlam-mendoza/WebstormProjects/handmade_backend/tests/cgaTests.js","statementMap":{"0":{"start":{"line":3,"column":12},"end":{"line":3,"column":27}},"1":{"start":{"line":5,"column":13},"end":{"line":5,"column":42}},"2":{"start":{"line":7,"column":16},"end":{"line":7,"column":36}},"3":{"start":{"line":9,"column":17},"end":{"line":9,"column":50}},"4":{"start":{"line":11,"column":11},"end":{"line":11,"column":28}},"5":{"start":{"line":13,"column":12},"end":{"line":13,"column":40}},"6":{"start":{"line":15,"column":39},"end":{"line":15,"column":93}},"7":{"start":{"line":17,"column":0},"end":{"line":17,"column":39}},"8":{"start":{"line":18,"column":0},"end":{"line":18,"column":24}},"9":{"start":{"line":20,"column":0},"end":{"line":102,"column":3}},"10":{"start":{"line":21,"column":4},"end":{"line":33,"column":7}},"11":{"start":{"line":22,"column":8},"end":{"line":32,"column":11}},"12":{"start":{"line":23,"column":12},"end":{"line":31,"column":15}},"13":{"start":{"line":28,"column":16},"end":{"line":28,"column":44}},"14":{"start":{"line":30,"column":16},"end":{"line":30,"column":23}},"15":{"start":{"line":35,"column":4},"end":{"line":48,"column":7}},"16":{"start":{"line":36,"column":8},"end":{"line":47,"column":11}},"17":{"start":{"line":37,"column":12},"end":{"line":46,"column":15}},"18":{"start":{"line":42,"column":16},"end":{"line":42,"column":44}},"19":{"start":{"line":44,"column":16},"end":{"line":44,"column":53}},"20":{"start":{"line":45,"column":16},"end":{"line":45,"column":23}},"21":{"start":{"line":65,"column":4},"end":{"line":82,"column":7}},"22":{"start":{"line":66,"column":17},"end":{"line":66,"column":23}},"23":{"start":{"line":67,"column":8},"end":{"line":81,"column":11}},"24":{"start":{"line":68,"column":12},"end":{"line":80,"column":15}},"25":{"start":{"line":69,"column":16},"end":{"line":69,"column":44}},"26":{"start":{"line":70,"column":16},"end":{"line":70,"column":80}},"27":{"start":{"line":71,"column":16},"end":{"line":71,"column":75}},"28":{"start":{"line":72,"column":16},"end":{"line":72,"column":68}},"29":{"start":{"line":74,"column":16},"end":{"line":74,"column":46}},"30":{"start":{"line":76,"column":16},"end":{"line":78,"column":19}},"31":{"start":{"line":77,"column":20},"end":{"line":77,"column":48}},"32":{"start":{"line":79,"column":16},"end":{"line":79,"column":23}},"33":{"start":{"line":84,"column":4},"end":{"line":101,"column":7}},"34":{"start":{"line":85,"column":17},"end":{"line":85,"column":23}},"35":{"start":{"line":86,"column":8},"end":{"line":100,"column":11}},"36":{"start":{"line":87,"column":12},"end":{"line":99,"column":15}},"37":{"start":{"line":88,"column":16},"end":{"line":88,"column":44}},"38":{"start":{"line":89,"column":16},"end":{"line":89,"column":80}},"39":{"start":{"line":90,"column":16},"end":{"line":90,"column":75}},"40":{"start":{"line":91,"column":16},"end":{"line":91,"column":68}},"41":{"start":{"line":93,"column":16},"end":{"line":93,"column":46}},"42":{"start":{"line":95,"column":16},"end":{"line":97,"column":19}},"43":{"start":{"line":96,"column":20},"end":{"line":96,"column":48}},"44":{"start":{"line":98,"column":16},"end":{"line":98,"column":23}}},"fnMap":{"0":{"name":"_interopRequireDefault","decl":{"start":{"line":15,"column":9},"end":{"line":15,"column":31}},"loc":{"start":{"line":15,"column":37},"end":{"line":15,"column":95}},"line":15},"1":{"name":"(anonymous_1)","decl":{"start":{"line":20,"column":16},"end":{"line":20,"column":17}},"loc":{"start":{"line":20,"column":28},"end":{"line":102,"column":1}},"line":20},"2":{"name":"(anonymous_2)","decl":{"start":{"line":21,"column":26},"end":{"line":21,"column":27}},"loc":{"start":{"line":21,"column":38},"end":{"line":33,"column":5}},"line":21},"3":{"name":"(anonymous_3)","decl":{"start":{"line":22,"column":39},"end":{"line":22,"column":40}},"loc":{"start":{"line":22,"column":55},"end":{"line":32,"column":9}},"line":22},"4":{"name":"(anonymous_4)","decl":{"start":{"line":27,"column":19},"end":{"line":27,"column":20}},"loc":{"start":{"line":27,"column":39},"end":{"line":31,"column":13}},"line":27},"5":{"name":"(anonymous_5)","decl":{"start":{"line":35,"column":60},"end":{"line":35,"column":61}},"loc":{"start":{"line":35,"column":72},"end":{"line":48,"column":5}},"line":35},"6":{"name":"(anonymous_6)","decl":{"start":{"line":36,"column":44},"end":{"line":36,"column":45}},"loc":{"start":{"line":36,"column":60},"end":{"line":47,"column":9}},"line":36},"7":{"name":"(anonymous_7)","decl":{"start":{"line":41,"column":19},"end":{"line":41,"column":20}},"loc":{"start":{"line":41,"column":39},"end":{"line":46,"column":13}},"line":41},"8":{"name":"(anonymous_8)","decl":{"start":{"line":65,"column":51},"end":{"line":65,"column":52}},"loc":{"start":{"line":65,"column":63},"end":{"line":82,"column":5}},"line":65},"9":{"name":"(anonymous_9)","decl":{"start":{"line":67,"column":36},"end":{"line":67,"column":37}},"loc":{"start":{"line":67,"column":52},"end":{"line":81,"column":9}},"line":67},"10":{"name":"(anonymous_10)","decl":{"start":{"line":68,"column":92},"end":{"line":68,"column":93}},"loc":{"start":{"line":68,"column":112},"end":{"line":80,"column":13}},"line":68},"11":{"name":"(anonymous_11)","decl":{"start":{"line":76,"column":76},"end":{"line":76,"column":77}},"loc":{"start":{"line":76,"column":96},"end":{"line":78,"column":17}},"line":76},"12":{"name":"(anonymous_12)","decl":{"start":{"line":84,"column":51},"end":{"line":84,"column":52}},"loc":{"start":{"line":84,"column":63},"end":{"line":101,"column":5}},"line":84},"13":{"name":"(anonymous_13)","decl":{"start":{"line":86,"column":39},"end":{"line":86,"column":40}},"loc":{"start":{"line":86,"column":55},"end":{"line":100,"column":9}},"line":86},"14":{"name":"(anonymous_14)","decl":{"start":{"line":87,"column":92},"end":{"line":87,"column":93}},"loc":{"start":{"line":87,"column":112},"end":{"line":99,"column":13}},"line":87},"15":{"name":"(anonymous_15)","decl":{"start":{"line":95,"column":79},"end":{"line":95,"column":80}},"loc":{"start":{"line":95,"column":99},"end":{"line":97,"column":17}},"line":95}},"branchMap":{"0":{"loc":{"start":{"line":15,"column":46},"end":{"line":15,"column":92}},"type":"cond-expr","locations":[{"start":{"line":15,"column":70},"end":{"line":15,"column":73}},{"start":{"line":15,"column":76},"end":{"line":15,"column":92}}],"line":15},"1":{"loc":{"start":{"line":15,"column":46},"end":{"line":15,"column":67}},"type":"binary-expr","locations":[{"start":{"line":15,"column":46},"end":{"line":15,"column":49}},{"start":{"line":15,"column":53},"end":{"line":15,"column":67}}],"line":15}},"s":{"0":1,"1":1,"2":1,"3":1,"4":1,"5":1,"6":3,"7":1,"8":1,"9":1,"10":1,"11":1,"12":1,"13":1,"14":1,"15":1,"16":1,"17":1,"18":1,"19":1,"20":1,"21":1,"22":1,"23":1,"24":1,"25":1,"26":1,"27":1,"28":1,"29":1,"30":1,"31":1,"32":1,"33":1,"34":1,"35":1,"36":1,"37":1,"38":1,"39":1,"40":1,"41":1,"42":1,"43":1,"44":1},"f":{"0":3,"1":1,"2":1,"3":1,"4":1,"5":1,"6":1,"7":1,"8":1,"9":1,"10":1,"11":1,"12":1,"13":1,"14":1,"15":1},"b":{"0":[1,2],"1":[3,3]},"_coverageSchema":"43e27e138ebf9cfc5966b082cf9a028302ed4184","hash":"12d293b73600bcc3afe638f8fc3a1d6ebb638436","contentHash":"5f97cc68e4ec27da9148229679035d579cfa3ddb563561ffc2f8bae35b4ad46a"},"/Users/edwardlam-mendoza/WebstormProjects/handmade_backend/tests/payoutTests.js":{"path":"/Users/edwardlam-mendoza/WebstormProjects/handmade_backend/tests/payoutTests.js","statementMap":{"0":{"start":{"line":3,"column":12},"end":{"line":3,"column":27}},"1":{"start":{"line":5,"column":13},"end":{"line":5,"column":42}},"2":{"start":{"line":7,"column":16},"end":{"line":7,"column":36}},"3":{"start":{"line":9,"column":17},"end":{"line":9,"column":50}},"4":{"start":{"line":11,"column":11},"end":{"line":11,"column":28}},"5":{"start":{"line":13,"column":12},"end":{"line":13,"column":40}},"6":{"start":{"line":15,"column":13},"end":{"line":15,"column":29}},"7":{"start":{"line":17,"column":39},"end":{"line":17,"column":93}},"8":{"start":{"line":19,"column":0},"end":{"line":19,"column":39}},"9":{"start":{"line":20,"column":0},"end":{"line":20,"column":24}},"10":{"start":{"line":22,"column":0},"end":{"line":54,"column":3}},"11":{"start":{"line":24,"column":4},"end":{"line":31,"column":7}},"12":{"start":{"line":25,"column":8},"end":{"line":30,"column":11}},"13":{"start":{"line":26,"column":12},"end":{"line":29,"column":15}},"14":{"start":{"line":27,"column":16},"end":{"line":27,"column":44}},"15":{"start":{"line":28,"column":16},"end":{"line":28,"column":23}},"16":{"start":{"line":33,"column":4},"end":{"line":40,"column":7}},"17":{"start":{"line":34,"column":8},"end":{"line":39,"column":11}},"18":{"start":{"line":35,"column":12},"end":{"line":38,"column":15}},"19":{"start":{"line":36,"column":16},"end":{"line":36,"column":44}},"20":{"start":{"line":37,"column":16},"end":{"line":37,"column":23}},"21":{"start":{"line":42,"column":4},"end":{"line":53,"column":7}},"22":{"start":{"line":43,"column":8},"end":{"line":52,"column":11}},"23":{"start":{"line":44,"column":12},"end":{"line":51,"column":15}},"24":{"start":{"line":49,"column":16},"end":{"line":49,"column":44}},"25":{"start":{"line":50,"column":16},"end":{"line":50,"column":23}}},"fnMap":{"0":{"name":"_interopRequireDefault","decl":{"start":{"line":17,"column":9},"end":{"line":17,"column":31}},"loc":{"start":{"line":17,"column":37},"end":{"line":17,"column":95}},"line":17},"1":{"name":"(anonymous_1)","decl":{"start":{"line":22,"column":31},"end":{"line":22,"column":32}},"loc":{"start":{"line":22,"column":43},"end":{"line":54,"column":1}},"line":22},"2":{"name":"(anonymous_2)","decl":{"start":{"line":24,"column":40},"end":{"line":24,"column":41}},"loc":{"start":{"line":24,"column":52},"end":{"line":31,"column":5}},"line":24},"3":{"name":"(anonymous_3)","decl":{"start":{"line":25,"column":26},"end":{"line":25,"column":27}},"loc":{"start":{"line":25,"column":42},"end":{"line":30,"column":9}},"line":25},"4":{"name":"(anonymous_4)","decl":{"start":{"line":26,"column":71},"end":{"line":26,"column":72}},"loc":{"start":{"line":26,"column":91},"end":{"line":29,"column":13}},"line":26},"5":{"name":"(anonymous_5)","decl":{"start":{"line":33,"column":40},"end":{"line":33,"column":41}},"loc":{"start":{"line":33,"column":52},"end":{"line":40,"column":5}},"line":33},"6":{"name":"(anonymous_6)","decl":{"start":{"line":34,"column":26},"end":{"line":34,"column":27}},"loc":{"start":{"line":34,"column":42},"end":{"line":39,"column":9}},"line":34},"7":{"name":"(anonymous_7)","decl":{"start":{"line":35,"column":72},"end":{"line":35,"column":73}},"loc":{"start":{"line":35,"column":92},"end":{"line":38,"column":13}},"line":35},"8":{"name":"(anonymous_8)","decl":{"start":{"line":42,"column":41},"end":{"line":42,"column":42}},"loc":{"start":{"line":42,"column":53},"end":{"line":53,"column":5}},"line":42},"9":{"name":"(anonymous_9)","decl":{"start":{"line":43,"column":81},"end":{"line":43,"column":82}},"loc":{"start":{"line":43,"column":97},"end":{"line":52,"column":9}},"line":43},"10":{"name":"(anonymous_10)","decl":{"start":{"line":48,"column":19},"end":{"line":48,"column":20}},"loc":{"start":{"line":48,"column":39},"end":{"line":51,"column":13}},"line":48}},"branchMap":{"0":{"loc":{"start":{"line":17,"column":46},"end":{"line":17,"column":92}},"type":"cond-expr","locations":[{"start":{"line":17,"column":70},"end":{"line":17,"column":73}},{"start":{"line":17,"column":76},"end":{"line":17,"column":92}}],"line":17},"1":{"loc":{"start":{"line":17,"column":46},"end":{"line":17,"column":67}},"type":"binary-expr","locations":[{"start":{"line":17,"column":46},"end":{"line":17,"column":49}},{"start":{"line":17,"column":53},"end":{"line":17,"column":67}}],"line":17}},"s":{"0":1,"1":1,"2":1,"3":1,"4":1,"5":1,"6":1,"7":3,"8":1,"9":1,"10":1,"11":1,"12":1,"13":1,"14":1,"15":1,"16":1,"17":1,"18":1,"19":1,"20":1,"21":1,"22":1,"23":1,"24":1,"25":1},"f":{"0":3,"1":1,"2":1,"3":1,"4":1,"5":1,"6":1,"7":1,"8":1,"9":1,"10":1},"b":{"0":[1,2],"1":[3,3]},"_coverageSchema":"43e27e138ebf9cfc5966b082cf9a028302ed4184","hash":"0c39a6e4329e1cbf15fcec18b0dd9131c732e421","contentHash":"49fd91bb4bf6dc4b4cdb6db5b36e31d974e18d7f1bd59b2fe3c41100b05032e4"},"/Users/edwardlam-mendoza/WebstormProjects/handmade_backend/tests/test.js":{"path":"/Users/edwardlam-mendoza/WebstormProjects/handmade_backend/tests/test.js","statementMap":{"0":{"start":{"line":3,"column":12},"end":{"line":3,"column":27}},"1":{"start":{"line":5,"column":13},"end":{"line":5,"column":42}},"2":{"start":{"line":7,"column":16},"end":{"line":7,"column":36}},"3":{"start":{"line":9,"column":17},"end":{"line":9,"column":50}},"4":{"start":{"line":11,"column":11},"end":{"line":11,"column":28}},"5":{"start":{"line":13,"column":12},"end":{"line":13,"column":40}},"6":{"start":{"line":15,"column":39},"end":{"line":15,"column":93}},"7":{"start":{"line":17,"column":0},"end":{"line":17,"column":39}},"8":{"start":{"line":18,"column":0},"end":{"line":18,"column":24}},"9":{"start":{"line":19,"column":0},"end":{"line":29,"column":3}},"10":{"start":{"line":20,"column":4},"end":{"line":28,"column":7}},"11":{"start":{"line":21,"column":8},"end":{"line":27,"column":11}},"12":{"start":{"line":22,"column":12},"end":{"line":26,"column":15}},"13":{"start":{"line":23,"column":16},"end":{"line":23,"column":44}},"14":{"start":{"line":24,"column":16},"end":{"line":24,"column":47}},"15":{"start":{"line":25,"column":16},"end":{"line":25,"column":23}}},"fnMap":{"0":{"name":"_interopRequireDefault","decl":{"start":{"line":15,"column":9},"end":{"line":15,"column":31}},"loc":{"start":{"line":15,"column":37},"end":{"line":15,"column":95}},"line":15},"1":{"name":"(anonymous_1)","decl":{"start":{"line":19,"column":18},"end":{"line":19,"column":19}},"loc":{"start":{"line":19,"column":30},"end":{"line":29,"column":1}},"line":19},"2":{"name":"(anonymous_2)","decl":{"start":{"line":20,"column":22},"end":{"line":20,"column":23}},"loc":{"start":{"line":20,"column":34},"end":{"line":28,"column":5}},"line":20},"3":{"name":"(anonymous_3)","decl":{"start":{"line":21,"column":39},"end":{"line":21,"column":40}},"loc":{"start":{"line":21,"column":55},"end":{"line":27,"column":9}},"line":21},"4":{"name":"(anonymous_4)","decl":{"start":{"line":22,"column":63},"end":{"line":22,"column":64}},"loc":{"start":{"line":22,"column":83},"end":{"line":26,"column":13}},"line":22}},"branchMap":{"0":{"loc":{"start":{"line":15,"column":46},"end":{"line":15,"column":92}},"type":"cond-expr","locations":[{"start":{"line":15,"column":70},"end":{"line":15,"column":73}},{"start":{"line":15,"column":76},"end":{"line":15,"column":92}}],"line":15},"1":{"loc":{"start":{"line":15,"column":46},"end":{"line":15,"column":67}},"type":"binary-expr","locations":[{"start":{"line":15,"column":46},"end":{"line":15,"column":49}},{"start":{"line":15,"column":53},"end":{"line":15,"column":67}}],"line":15}},"s":{"0":1,"1":1,"2":1,"3":1,"4":1,"5":1,"6":3,"7":1,"8":1,"9":1,"10":1,"11":1,"12":1,"13":1,"14":1,"15":1},"f":{"0":3,"1":1,"2":1,"3":1,"4":1},"b":{"0":[1,2],"1":[3,3]},"_coverageSchema":"43e27e138ebf9cfc5966b082cf9a028302ed4184","hash":"df02efd873dcdc1522f3a415164d56be8903f7cf","contentHash":"fb356ced582b3702836cb73e571ce33aefc1c16b546de809ac04e8f254302405"}}